#
# A fatal error has been detected by the Java Runtime Environment:
#
#  EXCEPTION_ACCESS_VIOLATION (0xc0000005) at pc=0x00007ff96bd93004, pid=18204, tid=7808
#
# JRE version: OpenJDK Runtime Environment (24.0+36) (build 24+36-3646)
# Java VM: OpenJDK 64-Bit Server VM (24+36-3646, mixed mode, sharing, tiered, compressed oops, compressed class ptrs, g1 gc, windows-amd64)
# Problematic frame:
# C  [libasyncProfiler.dll+0x93004]
#
# No core dump will be written. Minidumps are not enabled by default on client versions of Windows
#
# If you would like to submit a bug report, please visit:
#   https://bugreport.java.com/bugreport/crash.jsp
# The crash happened outside the Java Virtual Machine in native code.
# See problematic frame for where to report the bug.
#

---------------  S U M M A R Y ------------

Command Line: -agentlib:jdwp=transport=dt_socket,address=127.0.0.1:60351,suspend=y,server=n -agentpath:C:\Users\gusta\AppData\Local\Temp\idea_libasyncProfiler_dll_temp_folder1\libasyncProfiler.dll=version,jfr,event=wall,interval=10ms,cstack=no,file=C:\Users\gusta\IdeaSnapshots\Scenario__Altera_Cadastro__Account_details__2025_03_27_100932.jfr,dbghelppath=C:\Users\gusta\AppData\Local\Temp\idea_dbghelp_dll_temp_folder1\dbghelp.dll,log=C:\Users\gusta\AppData\Local\Temp\Scenario__Altera_Cadastro__Account_details__2025_03_27_100932.jfr.log.txt,logLevel=DEBUG -Dorg.jetbrains.run.directory=C:\Users\gusta\OneDrive\Desktop\Automação\advantageonlines\advantageonlines\src\main\resources\features -javaagent:C:\Users\gusta\AppData\Local\JetBrains\IntelliJIdea2024.3\captureAgent\debugger-agent.jar -Dkotlinx.coroutines.debug.enable.creation.stack.trace=false -Ddebugger.agent.enable.coroutines=true -Dkotlinx.coroutines.debug.enable.flows.stack.trace=true -Dkotlinx.coroutines.debug.enable.mutable.state.flows.stack.trace=true -Dfile.encoding=UTF-8 -Dsun.stdout.encoding=UTF-8 -Dsun.stderr.encoding=UTF-8 io.cucumber.core.cli.Main --plugin org.jetbrains.plugins.cucumber.java.run.CucumberJvm5SMFormatter --name ^Altera Cadastro \(Account details\)$ --glue Steps C:/Users/gusta/OneDrive/Desktop/Automação/advantageonlines/advantageonlines/src/main/resources/features/advantageonlineshopping.feature

Host: Intel(R) Core(TM) i5-2540M CPU @ 2.60GHz, 4 cores, 15G,  Windows 11 , 64 bit Build 22621 (10.0.22621.3958)
Time: Thu Mar 27 10:48:20 2025 Hora oficial do Brasil elapsed time: 2327.345343 seconds (0d 0h 38m 47s)

---------------  T H R E A D  ---------------

Current thread (0x000001cd500e2e60):  JavaThread "Attach Listener" daemon [_thread_in_native, id=7808, stack(0x000000700e300000,0x000000700e400000) (1024K)]

Stack: [0x000000700e300000,0x000000700e400000],  sp=0x000000700e3feff0,  free space=1019k
Native frames: (J=compiled Java code, j=interpreted, Vv=VM code, C=native code)
C  [libasyncProfiler.dll+0x93004]  (no source info available)
C  [libasyncProfiler.dll+0x934db]  (no source info available)
C  [libasyncProfiler.dll+0x92134]  (no source info available)
C  [libasyncProfiler.dll+0x929aa]  (no source info available)
C  [libasyncProfiler.dll+0x8d561]  (no source info available)
C  [libasyncProfiler.dll+0x7ef21]  (no source info available)
C  [libasyncProfiler.dll+0x7dc38]  (no source info available)
C  [libasyncProfiler.dll+0x7db20]  (no source info available)
C  [libasyncProfiler.dll+0x84af9]  (no source info available)
V  [jvm.dll+0x57f1b7]  (no source info available)
V  [jvm.dll+0x57ff2c]  (no source info available)
V  [jvm.dll+0x14c9b7]  (no source info available)
V  [jvm.dll+0x14df81]  (no source info available)
V  [jvm.dll+0x42f566]  (no source info available)
V  [jvm.dll+0x87d8fb]  (no source info available)
V  [jvm.dll+0x72efe5]  (no source info available)
C  [ucrtbase.dll+0x29333]  (no source info available)
C  [KERNEL32.DLL+0x1257d]  (no source info available)
C  [ntdll.dll+0x5af28]  (no source info available)


siginfo: EXCEPTION_ACCESS_VIOLATION (0xc0000005), reading address 0xffffffffffffffff


Registers:
RAX=0x0000000000000010, RBX=0x0000000000000000, RCX=0xffffffffffffffff, RDX=0x007ff96a4e2ff010
RSP=0x000000700e3feff0, RBP=0x000001cd5011ff90, RSI=0x000000700e3ff160, RDI=0x000001cd5011ff90
R8 =0x0000000000000042, R9 =0x000000070f818a30, R10=0x00007ff96a759fc0, R11=0x0000000000000014
R12=0x000000700e3ff160, R13=0x000001cd6983b950, R14=0x000001cd500e3228, R15=0x000001cd500e3228
RIP=0x00007ff96bd93004, EFLAGS=0x0000000000010202

XMM[0]=0x0000000000000000 0x0000000000000000
XMM[1]=0x0000000000000000 0x0000000000000000
XMM[2]=0x0000000000000000 0x0000000000000000
XMM[3]=0x0000000000000000 0x0000000000000000
XMM[4]=0x0000000000000000 0x0000000000000000
XMM[5]=0x0000000000000000 0x0000000000000000
XMM[6]=0x0000000000000000 0x0000000000000000
XMM[7]=0x0000000000000000 0x0000000000000000
XMM[8]=0x0000000000000000 0x0000000000000000
XMM[9]=0x0000000000000000 0x0000000000000000
XMM[10]=0x0000000000000000 0x0000000000000000
XMM[11]=0x0000000000000000 0x0000000000000000
XMM[12]=0x0000000000000000 0x0000000000000000
XMM[13]=0x0000000000000000 0x0000000000000000
XMM[14]=0x0000000000000000 0x0000000000000000
XMM[15]=0x0000000000000000 0x0000000000000000
  MXCSR=0x00001fa0


Register to memory mapping:

RAX=0x0000000000000010 is an unknown value
RBX=0x0 is null
RCX=0xffffffffffffffff is an unknown value
RDX=0x007ff96a4e2ff010 is an unknown value
RSP=0x000000700e3feff0 is pointing into the stack for thread: 0x000001cd500e2e60
RBP=0x000001cd5011ff90 points into unknown readable memory: 0x000000070f818a30 | 30 8a 81 0f 07 00 00 00
RSI=0x000000700e3ff160 is pointing into the stack for thread: 0x000001cd500e2e60
RDI=0x000001cd5011ff90 points into unknown readable memory: 0x000000070f818a30 | 30 8a 81 0f 07 00 00 00
R8 =0x0000000000000042 is an unknown value
R9 =0x000000070f818a30 is an oop: java.lang.Thread 
{0x000000070f818a30} - klass: 'java/lang/Thread' - flags: 

 - ---- fields (total size 14 words):
 - 'threadLocalRandomProbe' 'I' @12  -1640531527 (0x9e3779b9)
 - private volatile 'eetop' 'J' @16  1981781983248 (0x000001cd6b694010)
 - private final 'tid' 'J' @24  3 (0x0000000000000003)
 - 'threadLocalRandomSeed' 'J' @32  4610546384144657477 (0x3ffbf38237676c45)
 - injected 'jvmti_thread_state' 'J' @40  1981323802272 (0x000001cd5019f6a0)
 - 'threadLocalRandomSecondarySeed' 'I' @48  -789609933 (0xd0ef8233)
 - injected 'jvmti_VTMS_transition_disable_count' 'I' @52  0 (0x00000000)
 - injected 'jfr_epoch' 'S' @56  0 (0x0000)
 - volatile 'interrupted' 'Z' @58  false (0x00)
 - injected 'jvmti_is_in_VTMS_transition' 'Z' @59  false (0x00)
 - private volatile 'name' 'Ljava/lang/String;' @60  "Forwarding findElement on session 264069e1a65889e662653cc277a31090 to remote"{0x000000070d36fc80} (0xe1a6df90)
 - private volatile 'contextClassLoader' 'Ljava/lang/ClassLoader;' @64  a 'jdk/internal/loader/ClassLoaders$AppClassLoader'{0x000000070f803618} (0xe1f006c3)
 - private final 'holder' 'Ljava/lang/Thread$FieldHolder;' @68  a 'java/lang/Thread$FieldHolder'{0x000000070f818bb8} (0xe1f03177)
 - 'threadLocals' 'Ljava/lang/ThreadLocal$ThreadLocalMap;' @72  a 'java/lang/ThreadLocal$ThreadLocalMap'{0x000000070f818be0} (0xe1f0317c)
 - 'inheritableThreadLocals' 'Ljava/lang/ThreadLocal$ThreadLocalMap;' @76  null (0x00000000)
 - private 'scopedValueBindings' 'Ljava/lang/Object;' @80  a 'java/lang/Class'{0x00000007ffe7c280} = 'java/lang/Thread' (0xfffcf850)
 - final 'interruptLock' 'Ljava/lang/Object;' @84  a 'java/lang/Object'{0x000000070f7ef6f0} (0xe1efdede)
 - private volatile 'parkBlocker' 'Ljava/lang/Object;' @88  a 'java/util/concurrent/CompletableFuture$Signaller'{0x000000070d3766f0} (0xe1a6ecde)
 - private 'nioBlocker' 'Lsun/nio/ch/Interruptible;' @92  null (0x00000000)
 - private 'cont' 'Ljdk/internal/vm/Continuation;' @96  null (0x00000000)
 - private volatile 'uncaughtExceptionHandler' 'Ljava/lang/Thread$UncaughtExceptionHandler;' @100  null (0x00000000)
 - private 'container' 'Ljdk/internal/vm/ThreadContainer;' @104  null (0x00000000)
 - private volatile 'headStackableScopes' 'Ljdk/internal/vm/StackableScope;' @108  null (0x00000000)
R10=0x00007ff96a759fc0 jvm.dll
R11=0x0000000000000014 is an unknown value
R12=0x000000700e3ff160 is pointing into the stack for thread: 0x000001cd500e2e60
R13=0x000001cd6983b950 points into unknown readable memory: 0x00007ff96a6ca510 | 10 a5 6c 6a f9 7f 00 00
R14=0x000001cd500e3228 points into unknown readable memory: 0x00007ff96a6c17b0 | b0 17 6c 6a f9 7f 00 00
R15=0x000001cd500e3228 points into unknown readable memory: 0x00007ff96a6c17b0 | b0 17 6c 6a f9 7f 00 00

Top of Stack: (sp=0x000000700e3feff0)
0x000000700e3feff0:   000000700e3ff160 000001cd5011ff90   `.?.p......P....
0x000000700e3ff000:   0000000000000000 000001cd500e35b0   .........5.P....
0x000000700e3ff010:   0000000000000025 00007ff96bd934db   %........4.k....
0x000000700e3ff020:   0000000000000000 000001cd500e3228   ........(2.P....
0x000000700e3ff030:   000000700e3ff101 0000000000000000   ..?.p...........
0x000000700e3ff040:   000001cd565f2de0 00007ff96bd92134   .-_V....4!.k....
0x000000700e3ff050:   0000000000000000 0000000000000025   ........%.......
0x000000700e3ff060:   0000000000000000 0000000000000025   ........%.......
0x000000700e3ff070:   0000001500000002 000001cd565f2c80   .........,_V....
0x000000700e3ff080:   000001cd565f2de0 000001cd565f2e74   .-_V....t._V....
0x000000700e3ff090:   000001cd565f2e88 0000000000003ab4   .._V.....:......
0x000000700e3ff0a0:   0000000000000000 0000000000000000   ................
0x000000700e3ff0b0:   0000000000000000 00007ff969f258e4   .........X.i....
0x000000700e3ff0c0:   00007ff96beeae00 000000000000471c   ...k.....G......
0x000000700e3ff0d0:   00007ff96beeae00 00000000ffffffff   ...k............
0x000000700e3ff0e0:   0000000000000000 00007ff96bd929aa   .........).k....
0x000000700e3ff0f0:   000001cd500e3228 0000000000000000   (2.P............
0x000000700e3ff100:   000000700e3ff169 000001cd6983b950   i.?.p...P..i....
0x000000700e3ff110:   000001cd567f7a40 0000000000000000   @z.V............
0x000000700e3ff120:   0000000000000000 000001cd566d1150   ........P.mV....
0x000000700e3ff130:   000001cd500e3228 00007ff96beeae00   (2.P.......k....
0x000000700e3ff140:   0000000000100000 0000000000001000   ................
0x000000700e3ff150:   000000700e3ff2f8 000001cd500e3228   ..?.p...(2.P....
0x000000700e3ff160:   000001cd5640c310 000001cd5640c7b0   ..@V......@V....
0x000000700e3ff170:   000001cd5640c7b0 00007ff96beeae00   ..@V.......k....
0x000000700e3ff180:   000001cd567f8ed0 000001cd69740000   ...V......ti....
0x000000700e3ff190:   000000700e3ff430 0000000000008840   0.?.p...@.......
0x000000700e3ff1a0:   000000700e3ff610 00007ff96beeae50   ..?.p...P..k....
0x000000700e3ff1b0:   0000000000989680 0000000000989680   ................
0x000000700e3ff1c0:   000000700e3ff2d0 00007ff96bd8d561   ..?.p...a..k....
0x000000700e3ff1d0:   00007ff96beeae00 00007ff96beeae58   ...k....X..k....
0x000000700e3ff1e0:   00007ff900000000 000001cd00000001   ................

Instructions: (pc=0x00007ff96bd93004)
  0x00007ff96bd92f04:   cc cc cc cc cc cc cc cc cc cc cc cc cc cc cc cc
  0x00007ff96bd92f14:   cc cc cc cc cc cc cc cc cc cc cc cc cc cc cc cc
  0x00007ff96bd92f24:   cc cc cc cc cc cc cc cc cc cc cc cc cc cc cc cc
  0x00007ff96bd92f34:   cc cc cc cc cc cc cc cc cc cc cc cc cc cc cc cc
  0x00007ff96bd92f44:   cc cc cc cc cc cc cc cc cc cc cc cc cc cc cc cc
  0x00007ff96bd92f54:   cc cc cc cc cc cc cc cc cc cc cc cc cc cc cc cc
  0x00007ff96bd92f64:   cc cc cc cc cc cc cc cc cc cc cc cc cc cc cc cc
  0x00007ff96bd92f74:   cc cc cc cc cc cc cc cc cc cc cc cc cc cc cc cc
  0x00007ff96bd92f84:   cc cc cc cc cc cc cc cc cc cc cc cc 40 57 48 83
  0x00007ff96bd92f94:   ec 20 48 8b f9 48 8b 0d 30 80 15 00 48 85 c9 74
  0x00007ff96bd92fa4:   20 48 8b 01 48 8d 54 24 38 41 b8 06 00 01 00 4c
  0x00007ff96bd92fb4:   8b 48 30 41 ff d1 85 c0 75 07 48 8b 4c 24 38 eb
  0x00007ff96bd92fc4:   02 33 c9 4c 8b 05 0a 81 15 00 48 89 5c 24 30 4d
  0x00007ff96bd92fd4:   85 c0 74 4a 48 8b 01 48 8b d7 4c 8b 88 28 03 00
  0x00007ff96bd92fe4:   00 41 ff d1 48 85 c0 74 35 48 63 0d b8 3d 15 00
  0x00007ff96bd92ff4:   48 8b 14 01 48 85 d2 74 15 48 63 05 bc 3d 15 00
=>0x00007ff96bd93004:   8b 04 10 48 8b 5c 24 30 48 83 c4 20 5f c3 b8 ff
  0x00007ff96bd93014:   ff ff ff 48 8b 5c 24 30 48 83 c4 20 5f c3 80 3d
  0x00007ff96bd93024:   bb 7f 15 00 00 bb ff ff ff ff 74 20 4c 8b 0d 51
  0x00007ff96bd93034:   7c 15 00 4c 8d 44 24 38 48 8b 0d 35 7c 15 00 48
  0x00007ff96bd93044:   8b d7 41 ff d1 85 c0 0f 44 5c 24 38 8b c3 48 8b
  0x00007ff96bd93054:   5c 24 30 48 83 c4 20 5f c3 cc cc cc cc cc cc cc
  0x00007ff96bd93064:   cc cc cc cc cc cc cc cc cc cc cc cc cc cc cc cc
  0x00007ff96bd93074:   cc cc cc cc cc cc cc cc cc cc cc cc cc cc cc cc
  0x00007ff96bd93084:   cc cc cc cc cc cc cc cc cc cc cc cc 48 89 54 24
  0x00007ff96bd93094:   10 53 55 56 57 41 56 41 57 48 83 ec 28 48 8b f2
  0x00007ff96bd930a4:   4c 8b f1 48 89 4c 24 78 45 33 ff 44 89 7c 24 68
  0x00007ff96bd930b4:   c7 44 24 60 01 00 00 00 48 8d 4c 24 68 e8 69 3c
  0x00007ff96bd930c4:   f7 ff 8b d8 48 8d 4c 24 60 e8 5d 3c f7 ff 8b e8
  0x00007ff96bd930d4:   49 8b ce e8 33 f3 f6 ff 48 8b f8 90 8b c3 f0 0f
  0x00007ff96bd930e4:   b1 2f 74 04 f3 90 eb f4 4c 89 3e 4c 89 7e 08 4c
  0x00007ff96bd930f4:   89 7e 10 49 8b 6e 08 4d 8b 76 10 49 3b ee 0f 84


Stack slot to memory mapping:

stack at sp + 0 slots: 0x000000700e3ff160 is pointing into the stack for thread: 0x000001cd500e2e60
stack at sp + 1 slots: 0x000001cd5011ff90 points into unknown readable memory: 0x000000070f818a30 | 30 8a 81 0f 07 00 00 00
stack at sp + 2 slots: 0x0 is null
stack at sp + 3 slots: 0x000001cd500e35b0 points into unknown readable memory: 0x6e616c2e6176616a | 6a 61 76 61 2e 6c 61 6e
stack at sp + 4 slots: 0x0000000000000025 is an unknown value
stack at sp + 5 slots: 0x00007ff96bd934db libasyncProfiler.dll
stack at sp + 6 slots: 0x0 is null
stack at sp + 7 slots: 0x000001cd500e3228 points into unknown readable memory: 0x00007ff96a6c17b0 | b0 17 6c 6a f9 7f 00 00

Lock stack of current Java thread (top to bottom):


---------------  P R O C E S S  ---------------

Threads class SMR info:
_java_thread_list=0x000001cd551eaa90, length=25, elements={
0x000001cd6b694010, 0x000001cd500dd1e0, 0x000001cd500e01d0, 0x000001cd500e2130,
0x000001cd500e2e60, 0x000001cd500e59a0, 0x000001cd500e64d0, 0x000001cd500e9750,
0x000001cd500ed840, 0x000001cd501f8790, 0x000001cd502e6250, 0x000001cd502e6fd0,
0x000001cd50332b00, 0x000001cd50434080, 0x000001cd55ca2f20, 0x000001cd55ca3dc0,
0x000001cd55ca4510, 0x000001cd55ca27d0, 0x000001cd5041b6d0, 0x000001cd5041c570,
0x000001cd5041e2b0, 0x000001cd5041be20, 0x000001cd5041ccc0, 0x000001cd5041ea00,
0x000001cd5041f150
}

Java Threads: ( => current thread )
  0x000001cd6b694010 JavaThread "main"                              [_thread_in_vm, id=3192, stack(0x000000700d800000,0x000000700d900000) (1024K)]
  0x000001cd500dd1e0 JavaThread "Reference Handler"          daemon [_thread_blocked, id=11824, stack(0x000000700e000000,0x000000700e100000) (1024K)]
  0x000001cd500e01d0 JavaThread "Finalizer"                  daemon [_thread_blocked, id=8940, stack(0x000000700e100000,0x000000700e200000) (1024K)]
  0x000001cd500e2130 JavaThread "Signal Dispatcher"          daemon [_thread_blocked, id=2112, stack(0x000000700e200000,0x000000700e300000) (1024K)]
=>0x000001cd500e2e60 JavaThread "Attach Listener"            daemon [_thread_in_native, id=7808, stack(0x000000700e300000,0x000000700e400000) (1024K)]
  0x000001cd500e59a0 JavaThread "Service Thread"             daemon [_thread_blocked, id=7904, stack(0x000000700e400000,0x000000700e500000) (1024K)]
  0x000001cd500e64d0 JavaThread "Monitor Deflation Thread"   daemon [_thread_blocked, id=17152, stack(0x000000700e500000,0x000000700e600000) (1024K)]
  0x000001cd500e9750 JavaThread "C2 CompilerThread0"         daemon [_thread_in_native, id=12492, stack(0x000000700e600000,0x000000700e700000) (1024K)]
  0x000001cd500ed840 JavaThread "C1 CompilerThread0"         daemon [_thread_in_native, id=20268, stack(0x000000700e700000,0x000000700e800000) (1024K)]
  0x000001cd501f8790 JavaThread "Common-Cleaner"             daemon [_thread_blocked, id=21572, stack(0x000000700e800000,0x000000700e900000) (1024K)]
  0x000001cd502e6250 JavaThread "JDWP Transport Listener: dt_socket" daemon [_thread_blocked, id=8844, stack(0x000000700e900000,0x000000700ea00000) (1024K)]
  0x000001cd502e6fd0 JavaThread "JDWP Event Helper Thread"   daemon [_thread_blocked, id=11876, stack(0x000000700ea00000,0x000000700eb00000) (1024K)]
  0x000001cd50332b00 JavaThread "JDWP Command Reader"        daemon [_thread_in_native, id=15140, stack(0x000000700eb00000,0x000000700ec00000) (1024K)]
  0x000001cd50434080 JavaThread "Notification Thread"        daemon [_thread_blocked, id=20468, stack(0x000000700ec00000,0x000000700ed00000) (1024K)]
  0x000001cd55ca2f20 JavaThread "HttpClient-1-SelectorManager" daemon [_thread_in_native, id=11868, stack(0x000000700f100000,0x000000700f200000) (1024K)]
  0x000001cd55ca3dc0 JavaThread "External Process Output Forwarder - C:\Users\gusta\.cache\selenium\chromedriver\win64\134.0.6998.165\chromedriver.exe" daemon [_thread_in_native, id=9852, stack(0x000000700f200000,0x000000700f300000) (1024K)]
  0x000001cd55ca4510 JavaThread "Driver Service Executor"    daemon [_thread_blocked, id=14676, stack(0x000000700f300000,0x000000700f400000) (1024K)]
  0x000001cd55ca27d0 JavaThread "Driver Service Executor"    daemon [_thread_blocked, id=9708, stack(0x000000700f400000,0x000000700f500000) (1024K)]
  0x000001cd5041b6d0 JavaThread "CompletableFutureDelayScheduler" daemon [_thread_blocked, id=8504, stack(0x000000700f900000,0x000000700fa00000) (1024K)]
  0x000001cd5041c570 JavaThread "HttpClient-2-SelectorManager" daemon [_thread_in_native, id=20292, stack(0x000000700fd00000,0x000000700fe00000) (1024K)]
  0x000001cd5041e2b0 JavaThread "JdkHttpClient-1-4"          daemon [_thread_blocked, id=22780, stack(0x000000700d600000,0x000000700d700000) (1024K)]
  0x000001cd5041be20 JavaThread "JdkHttpClient-0-4"          daemon [_thread_blocked, id=18784, stack(0x000000700d700000,0x000000700d800000) (1024K)]
  0x000001cd5041ccc0 JavaThread "JdkHttpClient-0-5"          daemon [_thread_blocked, id=12240, stack(0x000000700f500000,0x000000700f600000) (1024K)]
  0x000001cd5041ea00 JavaThread "JdkHttpClient-0-6"          daemon [_thread_blocked, id=8104, stack(0x000000700f600000,0x000000700f700000) (1024K)]
  0x000001cd5041f150 JavaThread "JdkHttpClient-0-7"          daemon [_thread_blocked, id=15028, stack(0x000000700f700000,0x000000700f800000) (1024K)]
Total: 25

Other Threads:
  0x000001cd6b81c360 VMThread "VM Thread"                           [id=4748, stack(0x000000700df00000,0x000000700e000000) (1024K)]
  0x000001cd500db1b0 WatcherThread "VM Periodic Task Thread"        [id=3980, stack(0x000000700de00000,0x000000700df00000) (1024K)]
  0x000001cd6b709200 WorkerThread "GC Thread#0"                     [id=13456, stack(0x000000700d900000,0x000000700da00000) (1024K)]
  0x000001cd558ff510 WorkerThread "GC Thread#1"                     [id=21424, stack(0x000000700ed00000,0x000000700ee00000) (1024K)]
  0x000001cd557a79a0 WorkerThread "GC Thread#2"                     [id=5092, stack(0x000000700ee00000,0x000000700ef00000) (1024K)]
  0x000001cd55812430 WorkerThread "GC Thread#3"                     [id=16860, stack(0x000000700ef00000,0x000000700f000000) (1024K)]
  0x000001cd6b71e080 ConcurrentGCThread "G1 Main Marker"            [id=8876, stack(0x000000700da00000,0x000000700db00000) (1024K)]
  0x000001cd6b71eb90 WorkerThread "G1 Conc#0"                       [id=1852, stack(0x000000700db00000,0x000000700dc00000) (1024K)]
  0x000001cd6b7b34b0 ConcurrentGCThread "G1 Refine#0"               [id=22892, stack(0x000000700dc00000,0x000000700dd00000) (1024K)]
  0x000001cd6b7b4030 ConcurrentGCThread "G1 Service"                [id=6460, stack(0x000000700dd00000,0x000000700de00000) (1024K)]
Total: 10

Threads with active compile tasks:
C2 CompilerThread0  2327715 3082       4       java.util.jar.JarFile::getVersionedEntry (114 bytes)
Total: 1

VM state: not at safepoint (normal execution)

VM Mutex/Monitor currently owned by a thread: None

Heap address: 0x0000000701600000, size: 4074 MB, Compressed Oops mode: Zero based, Oop shift amount: 3

CDS archive(s) mapped at: [0x000001cd0f000000-0x000001cd0fd40000-0x000001cd0fd40000), size 13893632, SharedBaseAddress: 0x000001cd0f000000, ArchiveRelocationMode: 1.
Compressed class space mapped at: 0x000001cd10000000-0x000001cd50000000, reserved size: 1073741824
UseCompressedClassPointers 1, UseCompactObjectHeaders 0
Narrow klass pointer bits 32, Max shift 3
Narrow klass base: 0x000001cd0f000000, Narrow klass shift: 0
Encoding Range: [0x000001cd0f000000 - 0x000001ce0f000000), (4294967296 bytes)
Klass Range:    [0x000001cd0f000000 - 0x000001cd50000000), (1090519040 bytes)
Klass ID Range:  [8 - 1090519033) (1090519025)

GC Precious Log:
 CardTable entry size: 512
 Card Set container configuration: InlinePtr #cards 4 size 8 Array Of Cards #cards 16 size 48 Howl #buckets 8 coarsen threshold 3686 Howl Bitmap #cards 512 size 80 coarsen threshold 460 Card regions per heap region 1 cards per card region 4096
 CPUs: 4 total, 4 available
 Memory: 16294M
 Large Page Support: Disabled
 NUMA Support: Disabled
 Compressed Oops: Enabled (Zero based)
 Heap Region Size: 2M
 Heap Min Capacity: 8M
 Heap Initial Capacity: 256M
 Heap Max Capacity: 4074M
 Pre-touch: Disabled
 Parallel Workers: 4
 Concurrent Workers: 1
 Concurrent Refinement Workers: 4
 Periodic GC: Disabled

Heap:
 garbage-first heap   total reserved 4171776K, committed 264192K, used 77458K [0x0000000701600000, 0x0000000800000000)
  region size 2048K, 37 young (75776K), 2 survivors (4096K)
 Metaspace       used 20522K, committed 20864K, reserved 1114112K
  class space    used 2039K, committed 2176K, reserved 1048576K

Heap Regions: E=young(eden), S=young(survivor), O=old, HS=humongous(starts), HC=humongous(continues), CS=collection set, F=free, TAMS=top-at-mark-start, PB=parsable bottom
|   0|0x0000000701600000, 0x0000000701800000, 0x0000000701800000|100%| O|  |TAMS 0x0000000701600000| PB 0x0000000701600000| Untracked |  0
|   1|0x0000000701800000, 0x0000000701888560, 0x0000000701a00000| 26%| O|  |TAMS 0x0000000701800000| PB 0x0000000701800000| Untracked |  0
|   2|0x0000000701a00000, 0x0000000701a00000, 0x0000000701c00000|  0%| F|  |TAMS 0x0000000701a00000| PB 0x0000000701a00000| Untracked |  0
|   3|0x0000000701c00000, 0x0000000701c00000, 0x0000000701e00000|  0%| F|  |TAMS 0x0000000701c00000| PB 0x0000000701c00000| Untracked |  0
|   4|0x0000000701e00000, 0x0000000701e00000, 0x0000000702000000|  0%| F|  |TAMS 0x0000000701e00000| PB 0x0000000701e00000| Untracked |  0
|   5|0x0000000702000000, 0x0000000702000000, 0x0000000702200000|  0%| F|  |TAMS 0x0000000702000000| PB 0x0000000702000000| Untracked |  0
|   6|0x0000000702200000, 0x0000000702200000, 0x0000000702400000|  0%| F|  |TAMS 0x0000000702200000| PB 0x0000000702200000| Untracked |  0
|   7|0x0000000702400000, 0x0000000702400000, 0x0000000702600000|  0%| F|  |TAMS 0x0000000702400000| PB 0x0000000702400000| Untracked |  0
|   8|0x0000000702600000, 0x0000000702600000, 0x0000000702800000|  0%| F|  |TAMS 0x0000000702600000| PB 0x0000000702600000| Untracked |  0
|   9|0x0000000702800000, 0x0000000702800000, 0x0000000702a00000|  0%| F|  |TAMS 0x0000000702800000| PB 0x0000000702800000| Untracked |  0
|  10|0x0000000702a00000, 0x0000000702a00000, 0x0000000702c00000|  0%| F|  |TAMS 0x0000000702a00000| PB 0x0000000702a00000| Untracked |  0
|  11|0x0000000702c00000, 0x0000000702c00000, 0x0000000702e00000|  0%| F|  |TAMS 0x0000000702c00000| PB 0x0000000702c00000| Untracked |  0
|  12|0x0000000702e00000, 0x0000000702e00000, 0x0000000703000000|  0%| F|  |TAMS 0x0000000702e00000| PB 0x0000000702e00000| Untracked |  0
|  13|0x0000000703000000, 0x0000000703000000, 0x0000000703200000|  0%| F|  |TAMS 0x0000000703000000| PB 0x0000000703000000| Untracked |  0
|  14|0x0000000703200000, 0x0000000703200000, 0x0000000703400000|  0%| F|  |TAMS 0x0000000703200000| PB 0x0000000703200000| Untracked |  0
|  15|0x0000000703400000, 0x0000000703400000, 0x0000000703600000|  0%| F|  |TAMS 0x0000000703400000| PB 0x0000000703400000| Untracked |  0
|  16|0x0000000703600000, 0x0000000703600000, 0x0000000703800000|  0%| F|  |TAMS 0x0000000703600000| PB 0x0000000703600000| Untracked |  0
|  17|0x0000000703800000, 0x0000000703800000, 0x0000000703a00000|  0%| F|  |TAMS 0x0000000703800000| PB 0x0000000703800000| Untracked |  0
|  18|0x0000000703a00000, 0x0000000703a00000, 0x0000000703c00000|  0%| F|  |TAMS 0x0000000703a00000| PB 0x0000000703a00000| Untracked |  0
|  19|0x0000000703c00000, 0x0000000703c00000, 0x0000000703e00000|  0%| F|  |TAMS 0x0000000703c00000| PB 0x0000000703c00000| Untracked |  0
|  20|0x0000000703e00000, 0x0000000703e00000, 0x0000000704000000|  0%| F|  |TAMS 0x0000000703e00000| PB 0x0000000703e00000| Untracked |  0
|  21|0x0000000704000000, 0x0000000704000000, 0x0000000704200000|  0%| F|  |TAMS 0x0000000704000000| PB 0x0000000704000000| Untracked |  0
|  22|0x0000000704200000, 0x0000000704200000, 0x0000000704400000|  0%| F|  |TAMS 0x0000000704200000| PB 0x0000000704200000| Untracked |  0
|  23|0x0000000704400000, 0x0000000704400000, 0x0000000704600000|  0%| F|  |TAMS 0x0000000704400000| PB 0x0000000704400000| Untracked |  0
|  24|0x0000000704600000, 0x0000000704600000, 0x0000000704800000|  0%| F|  |TAMS 0x0000000704600000| PB 0x0000000704600000| Untracked |  0
|  25|0x0000000704800000, 0x0000000704800000, 0x0000000704a00000|  0%| F|  |TAMS 0x0000000704800000| PB 0x0000000704800000| Untracked |  0
|  26|0x0000000704a00000, 0x0000000704a00000, 0x0000000704c00000|  0%| F|  |TAMS 0x0000000704a00000| PB 0x0000000704a00000| Untracked |  0
|  27|0x0000000704c00000, 0x0000000704c00000, 0x0000000704e00000|  0%| F|  |TAMS 0x0000000704c00000| PB 0x0000000704c00000| Untracked |  0
|  28|0x0000000704e00000, 0x0000000704e00000, 0x0000000705000000|  0%| F|  |TAMS 0x0000000704e00000| PB 0x0000000704e00000| Untracked |  0
|  29|0x0000000705000000, 0x0000000705000000, 0x0000000705200000|  0%| F|  |TAMS 0x0000000705000000| PB 0x0000000705000000| Untracked |  0
|  30|0x0000000705200000, 0x0000000705200000, 0x0000000705400000|  0%| F|  |TAMS 0x0000000705200000| PB 0x0000000705200000| Untracked |  0
|  31|0x0000000705400000, 0x0000000705400000, 0x0000000705600000|  0%| F|  |TAMS 0x0000000705400000| PB 0x0000000705400000| Untracked |  0
|  32|0x0000000705600000, 0x0000000705600000, 0x0000000705800000|  0%| F|  |TAMS 0x0000000705600000| PB 0x0000000705600000| Untracked |  0
|  33|0x0000000705800000, 0x0000000705800000, 0x0000000705a00000|  0%| F|  |TAMS 0x0000000705800000| PB 0x0000000705800000| Untracked |  0
|  34|0x0000000705a00000, 0x0000000705a00000, 0x0000000705c00000|  0%| F|  |TAMS 0x0000000705a00000| PB 0x0000000705a00000| Untracked |  0
|  35|0x0000000705c00000, 0x0000000705c00000, 0x0000000705e00000|  0%| F|  |TAMS 0x0000000705c00000| PB 0x0000000705c00000| Untracked |  0
|  36|0x0000000705e00000, 0x0000000705e00000, 0x0000000706000000|  0%| F|  |TAMS 0x0000000705e00000| PB 0x0000000705e00000| Untracked |  0
|  37|0x0000000706000000, 0x0000000706000000, 0x0000000706200000|  0%| F|  |TAMS 0x0000000706000000| PB 0x0000000706000000| Untracked |  0
|  38|0x0000000706200000, 0x0000000706200000, 0x0000000706400000|  0%| F|  |TAMS 0x0000000706200000| PB 0x0000000706200000| Untracked |  0
|  39|0x0000000706400000, 0x0000000706400000, 0x0000000706600000|  0%| F|  |TAMS 0x0000000706400000| PB 0x0000000706400000| Untracked |  0
|  40|0x0000000706600000, 0x0000000706600000, 0x0000000706800000|  0%| F|  |TAMS 0x0000000706600000| PB 0x0000000706600000| Untracked |  0
|  41|0x0000000706800000, 0x0000000706800000, 0x0000000706a00000|  0%| F|  |TAMS 0x0000000706800000| PB 0x0000000706800000| Untracked |  0
|  42|0x0000000706a00000, 0x0000000706a00000, 0x0000000706c00000|  0%| F|  |TAMS 0x0000000706a00000| PB 0x0000000706a00000| Untracked |  0
|  43|0x0000000706c00000, 0x0000000706c00000, 0x0000000706e00000|  0%| F|  |TAMS 0x0000000706c00000| PB 0x0000000706c00000| Untracked |  0
|  44|0x0000000706e00000, 0x0000000706e00000, 0x0000000707000000|  0%| F|  |TAMS 0x0000000706e00000| PB 0x0000000706e00000| Untracked |  0
|  45|0x0000000707000000, 0x0000000707000000, 0x0000000707200000|  0%| F|  |TAMS 0x0000000707000000| PB 0x0000000707000000| Untracked |  0
|  46|0x0000000707200000, 0x0000000707200000, 0x0000000707400000|  0%| F|  |TAMS 0x0000000707200000| PB 0x0000000707200000| Untracked |  0
|  47|0x0000000707400000, 0x0000000707400000, 0x0000000707600000|  0%| F|  |TAMS 0x0000000707400000| PB 0x0000000707400000| Untracked |  0
|  48|0x0000000707600000, 0x0000000707600000, 0x0000000707800000|  0%| F|  |TAMS 0x0000000707600000| PB 0x0000000707600000| Untracked |  0
|  49|0x0000000707800000, 0x0000000707800000, 0x0000000707a00000|  0%| F|  |TAMS 0x0000000707800000| PB 0x0000000707800000| Untracked |  0
|  50|0x0000000707a00000, 0x0000000707a00000, 0x0000000707c00000|  0%| F|  |TAMS 0x0000000707a00000| PB 0x0000000707a00000| Untracked |  0
|  51|0x0000000707c00000, 0x0000000707c00000, 0x0000000707e00000|  0%| F|  |TAMS 0x0000000707c00000| PB 0x0000000707c00000| Untracked |  0
|  52|0x0000000707e00000, 0x0000000707e00000, 0x0000000708000000|  0%| F|  |TAMS 0x0000000707e00000| PB 0x0000000707e00000| Untracked |  0
|  53|0x0000000708000000, 0x0000000708000000, 0x0000000708200000|  0%| F|  |TAMS 0x0000000708000000| PB 0x0000000708000000| Untracked |  0
|  54|0x0000000708200000, 0x0000000708200000, 0x0000000708400000|  0%| F|  |TAMS 0x0000000708200000| PB 0x0000000708200000| Untracked |  0
|  55|0x0000000708400000, 0x0000000708400000, 0x0000000708600000|  0%| F|  |TAMS 0x0000000708400000| PB 0x0000000708400000| Untracked |  0
|  56|0x0000000708600000, 0x0000000708600000, 0x0000000708800000|  0%| F|  |TAMS 0x0000000708600000| PB 0x0000000708600000| Untracked |  0
|  57|0x0000000708800000, 0x0000000708800000, 0x0000000708a00000|  0%| F|  |TAMS 0x0000000708800000| PB 0x0000000708800000| Untracked |  0
|  58|0x0000000708a00000, 0x0000000708a00000, 0x0000000708c00000|  0%| F|  |TAMS 0x0000000708a00000| PB 0x0000000708a00000| Untracked |  0
|  59|0x0000000708c00000, 0x0000000708c00000, 0x0000000708e00000|  0%| F|  |TAMS 0x0000000708c00000| PB 0x0000000708c00000| Untracked |  0
|  60|0x0000000708e00000, 0x0000000708e00000, 0x0000000709000000|  0%| F|  |TAMS 0x0000000708e00000| PB 0x0000000708e00000| Untracked |  0
|  61|0x0000000709000000, 0x0000000709000000, 0x0000000709200000|  0%| F|  |TAMS 0x0000000709000000| PB 0x0000000709000000| Untracked |  0
|  62|0x0000000709200000, 0x0000000709200000, 0x0000000709400000|  0%| F|  |TAMS 0x0000000709200000| PB 0x0000000709200000| Untracked |  0
|  63|0x0000000709400000, 0x0000000709400000, 0x0000000709600000|  0%| F|  |TAMS 0x0000000709400000| PB 0x0000000709400000| Untracked |  0
|  64|0x0000000709600000, 0x0000000709600000, 0x0000000709800000|  0%| F|  |TAMS 0x0000000709600000| PB 0x0000000709600000| Untracked |  0
|  65|0x0000000709800000, 0x0000000709800000, 0x0000000709a00000|  0%| F|  |TAMS 0x0000000709800000| PB 0x0000000709800000| Untracked |  0
|  66|0x0000000709a00000, 0x0000000709a00000, 0x0000000709c00000|  0%| F|  |TAMS 0x0000000709a00000| PB 0x0000000709a00000| Untracked |  0
|  67|0x0000000709c00000, 0x0000000709c00000, 0x0000000709e00000|  0%| F|  |TAMS 0x0000000709c00000| PB 0x0000000709c00000| Untracked |  0
|  68|0x0000000709e00000, 0x0000000709e00000, 0x000000070a000000|  0%| F|  |TAMS 0x0000000709e00000| PB 0x0000000709e00000| Untracked |  0
|  69|0x000000070a000000, 0x000000070a000000, 0x000000070a200000|  0%| F|  |TAMS 0x000000070a000000| PB 0x000000070a000000| Untracked |  0
|  70|0x000000070a200000, 0x000000070a200000, 0x000000070a400000|  0%| F|  |TAMS 0x000000070a200000| PB 0x000000070a200000| Untracked |  0
|  71|0x000000070a400000, 0x000000070a400000, 0x000000070a600000|  0%| F|  |TAMS 0x000000070a400000| PB 0x000000070a400000| Untracked |  0
|  72|0x000000070a600000, 0x000000070a600000, 0x000000070a800000|  0%| F|  |TAMS 0x000000070a600000| PB 0x000000070a600000| Untracked |  0
|  73|0x000000070a800000, 0x000000070a800000, 0x000000070aa00000|  0%| F|  |TAMS 0x000000070a800000| PB 0x000000070a800000| Untracked |  0
|  74|0x000000070aa00000, 0x000000070aa00000, 0x000000070ac00000|  0%| F|  |TAMS 0x000000070aa00000| PB 0x000000070aa00000| Untracked |  0
|  75|0x000000070ac00000, 0x000000070ac00000, 0x000000070ae00000|  0%| F|  |TAMS 0x000000070ac00000| PB 0x000000070ac00000| Untracked |  0
|  76|0x000000070ae00000, 0x000000070ae00000, 0x000000070b000000|  0%| F|  |TAMS 0x000000070ae00000| PB 0x000000070ae00000| Untracked |  0
|  77|0x000000070b000000, 0x000000070b000000, 0x000000070b200000|  0%| F|  |TAMS 0x000000070b000000| PB 0x000000070b000000| Untracked |  0
|  78|0x000000070b200000, 0x000000070b200000, 0x000000070b400000|  0%| F|  |TAMS 0x000000070b200000| PB 0x000000070b200000| Untracked |  0
|  79|0x000000070b400000, 0x000000070b400000, 0x000000070b600000|  0%| F|  |TAMS 0x000000070b400000| PB 0x000000070b400000| Untracked |  0
|  80|0x000000070b600000, 0x000000070b600000, 0x000000070b800000|  0%| F|  |TAMS 0x000000070b600000| PB 0x000000070b600000| Untracked |  0
|  81|0x000000070b800000, 0x000000070b800000, 0x000000070ba00000|  0%| F|  |TAMS 0x000000070b800000| PB 0x000000070b800000| Untracked |  0
|  82|0x000000070ba00000, 0x000000070ba00000, 0x000000070bc00000|  0%| F|  |TAMS 0x000000070ba00000| PB 0x000000070ba00000| Untracked |  0
|  83|0x000000070bc00000, 0x000000070bc00000, 0x000000070be00000|  0%| F|  |TAMS 0x000000070bc00000| PB 0x000000070bc00000| Untracked |  0
|  84|0x000000070be00000, 0x000000070be00000, 0x000000070c000000|  0%| F|  |TAMS 0x000000070be00000| PB 0x000000070be00000| Untracked |  0
|  85|0x000000070c000000, 0x000000070c000000, 0x000000070c200000|  0%| F|  |TAMS 0x000000070c000000| PB 0x000000070c000000| Untracked |  0
|  86|0x000000070c200000, 0x000000070c200000, 0x000000070c400000|  0%| F|  |TAMS 0x000000070c200000| PB 0x000000070c200000| Untracked |  0
|  87|0x000000070c400000, 0x000000070c400000, 0x000000070c600000|  0%| F|  |TAMS 0x000000070c400000| PB 0x000000070c400000| Untracked |  0
|  88|0x000000070c600000, 0x000000070c600000, 0x000000070c800000|  0%| F|  |TAMS 0x000000070c600000| PB 0x000000070c600000| Untracked |  0
|  89|0x000000070c800000, 0x000000070c800000, 0x000000070ca00000|  0%| F|  |TAMS 0x000000070c800000| PB 0x000000070c800000| Untracked |  0
|  90|0x000000070ca00000, 0x000000070ca00000, 0x000000070cc00000|  0%| F|  |TAMS 0x000000070ca00000| PB 0x000000070ca00000| Untracked |  0
|  91|0x000000070cc00000, 0x000000070cc76400, 0x000000070ce00000| 23%| E|  |TAMS 0x000000070cc00000| PB 0x000000070cc00000| Complete |  0
|  92|0x000000070ce00000, 0x000000070d000000, 0x000000070d000000|100%| E|CS|TAMS 0x000000070ce00000| PB 0x000000070ce00000| Complete |  0
|  93|0x000000070d000000, 0x000000070d200000, 0x000000070d200000|100%| E|CS|TAMS 0x000000070d000000| PB 0x000000070d000000| Complete |  0
|  94|0x000000070d200000, 0x000000070d400000, 0x000000070d400000|100%| E|CS|TAMS 0x000000070d200000| PB 0x000000070d200000| Complete |  0
|  95|0x000000070d400000, 0x000000070d600000, 0x000000070d600000|100%| E|CS|TAMS 0x000000070d400000| PB 0x000000070d400000| Complete |  0
|  96|0x000000070d600000, 0x000000070d800000, 0x000000070d800000|100%| E|CS|TAMS 0x000000070d600000| PB 0x000000070d600000| Complete |  0
|  97|0x000000070d800000, 0x000000070da00000, 0x000000070da00000|100%| E|CS|TAMS 0x000000070d800000| PB 0x000000070d800000| Complete |  0
|  98|0x000000070da00000, 0x000000070dc00000, 0x000000070dc00000|100%| E|CS|TAMS 0x000000070da00000| PB 0x000000070da00000| Complete |  0
|  99|0x000000070dc00000, 0x000000070de00000, 0x000000070de00000|100%| E|CS|TAMS 0x000000070dc00000| PB 0x000000070dc00000| Complete |  0
| 100|0x000000070de00000, 0x000000070e000000, 0x000000070e000000|100%| E|CS|TAMS 0x000000070de00000| PB 0x000000070de00000| Complete |  0
| 101|0x000000070e000000, 0x000000070e200000, 0x000000070e200000|100%| E|CS|TAMS 0x000000070e000000| PB 0x000000070e000000| Complete |  0
| 102|0x000000070e200000, 0x000000070e400000, 0x000000070e400000|100%| E|CS|TAMS 0x000000070e200000| PB 0x000000070e200000| Complete |  0
| 103|0x000000070e400000, 0x000000070e600000, 0x000000070e600000|100%| E|CS|TAMS 0x000000070e400000| PB 0x000000070e400000| Complete |  0
| 104|0x000000070e600000, 0x000000070e800000, 0x000000070e800000|100%| E|CS|TAMS 0x000000070e600000| PB 0x000000070e600000| Complete |  0
| 105|0x000000070e800000, 0x000000070ea00000, 0x000000070ea00000|100%| E|CS|TAMS 0x000000070e800000| PB 0x000000070e800000| Complete |  0
| 106|0x000000070ea00000, 0x000000070ec00000, 0x000000070ec00000|100%| E|CS|TAMS 0x000000070ea00000| PB 0x000000070ea00000| Complete |  0
| 107|0x000000070ec00000, 0x000000070ee00000, 0x000000070ee00000|100%| E|CS|TAMS 0x000000070ec00000| PB 0x000000070ec00000| Complete |  0
| 108|0x000000070ee00000, 0x000000070f000000, 0x000000070f000000|100%| E|CS|TAMS 0x000000070ee00000| PB 0x000000070ee00000| Complete |  0
| 109|0x000000070f000000, 0x000000070f200000, 0x000000070f200000|100%| E|CS|TAMS 0x000000070f000000| PB 0x000000070f000000| Complete |  0
| 110|0x000000070f200000, 0x000000070f400000, 0x000000070f400000|100%| E|CS|TAMS 0x000000070f200000| PB 0x000000070f200000| Complete |  0
| 111|0x000000070f400000, 0x000000070f600000, 0x000000070f600000|100%| E|CS|TAMS 0x000000070f400000| PB 0x000000070f400000| Complete |  0
| 112|0x000000070f600000, 0x000000070f800000, 0x000000070f800000|100%| S|CS|TAMS 0x000000070f600000| PB 0x000000070f600000| Complete |  0
| 113|0x000000070f800000, 0x000000070fa00000, 0x000000070fa00000|100%| S|CS|TAMS 0x000000070f800000| PB 0x000000070f800000| Complete |  0
| 114|0x000000070fa00000, 0x000000070fc00000, 0x000000070fc00000|100%| E|CS|TAMS 0x000000070fa00000| PB 0x000000070fa00000| Complete |  0
| 115|0x000000070fc00000, 0x000000070fe00000, 0x000000070fe00000|100%| E|CS|TAMS 0x000000070fc00000| PB 0x000000070fc00000| Complete |  0
| 116|0x000000070fe00000, 0x0000000710000000, 0x0000000710000000|100%| E|CS|TAMS 0x000000070fe00000| PB 0x000000070fe00000| Complete |  0
| 117|0x0000000710000000, 0x0000000710200000, 0x0000000710200000|100%| E|CS|TAMS 0x0000000710000000| PB 0x0000000710000000| Complete |  0
| 118|0x0000000710200000, 0x0000000710400000, 0x0000000710400000|100%| E|CS|TAMS 0x0000000710200000| PB 0x0000000710200000| Complete |  0
| 119|0x0000000710400000, 0x0000000710600000, 0x0000000710600000|100%| E|CS|TAMS 0x0000000710400000| PB 0x0000000710400000| Complete |  0
| 120|0x0000000710600000, 0x0000000710800000, 0x0000000710800000|100%| E|CS|TAMS 0x0000000710600000| PB 0x0000000710600000| Complete |  0
| 121|0x0000000710800000, 0x0000000710a00000, 0x0000000710a00000|100%| E|CS|TAMS 0x0000000710800000| PB 0x0000000710800000| Complete |  0
| 122|0x0000000710a00000, 0x0000000710c00000, 0x0000000710c00000|100%| E|CS|TAMS 0x0000000710a00000| PB 0x0000000710a00000| Complete |  0
| 123|0x0000000710c00000, 0x0000000710e00000, 0x0000000710e00000|100%| E|CS|TAMS 0x0000000710c00000| PB 0x0000000710c00000| Complete |  0
| 124|0x0000000710e00000, 0x0000000711000000, 0x0000000711000000|100%| E|CS|TAMS 0x0000000710e00000| PB 0x0000000710e00000| Complete |  0
| 125|0x0000000711000000, 0x0000000711200000, 0x0000000711200000|100%| E|CS|TAMS 0x0000000711000000| PB 0x0000000711000000| Complete |  0
| 126|0x0000000711200000, 0x0000000711400000, 0x0000000711400000|100%| E|CS|TAMS 0x0000000711200000| PB 0x0000000711200000| Complete |  0
| 127|0x0000000711400000, 0x0000000711600000, 0x0000000711600000|100%| E|CS|TAMS 0x0000000711400000| PB 0x0000000711400000| Complete |  0
|2036|0x00000007ffe00000, 0x00000007fff1c348, 0x0000000800000000| 55%| O|  |TAMS 0x00000007ffe00000| PB 0x00000007ffe00000| Untracked |  0

Card table byte_map: [0x000001cd757f0000,0x000001cd75ff0000] _byte_map_base: 0x000001cd71fe5000

Marking Bits: (CMBitMap*) 0x000001cd6b709910
 Bits: [0x000001cd75ff0000, 0x000001cd79f98000)

Polling page: 0x000001cd69910000

Metaspace:

Usage:
  Non-class:     18.05 MB used.
      Class:      1.99 MB used.
       Both:     20.05 MB used.

Virtual space:
  Non-class space:       64.00 MB reserved,      18.25 MB ( 29%) committed,  1 nodes.
      Class space:        1.00 GB reserved,       2.12 MB ( <1%) committed,  1 nodes.
             Both:        1.06 GB reserved,      20.38 MB (  2%) committed. 

Chunk freelists:
   Non-Class:  13.77 MB
       Class:  13.86 MB
        Both:  27.62 MB

MaxMetaspaceSize: unlimited
CompressedClassSpaceSize: 1.00 GB
Initial GC threshold: 21.00 MB
Current GC threshold: 21.00 MB
CDS: on
 - commit_granule_bytes: 65536.
 - commit_granule_words: 8192.
 - virtual_space_node_default_size: 8388608.
 - enlarge_chunks_in_place: 1.
UseCompressedClassPointers 1, UseCompactObjectHeaders 0
Narrow klass pointer bits 32, Max shift 3
Narrow klass base: 0x000001cd0f000000, Narrow klass shift: 0
Encoding Range: [0x000001cd0f000000 - 0x000001ce0f000000), (4294967296 bytes)
Klass Range:    [0x000001cd0f000000 - 0x000001cd50000000), (1090519040 bytes)
Klass ID Range:  [8 - 1090519033) (1090519025)


Internal statistics:

num_allocs_failed_limit: 0.
num_arena_births: 266.
num_arena_deaths: 0.
num_vsnodes_births: 2.
num_vsnodes_deaths: 0.
num_space_committed: 326.
num_space_uncommitted: 0.
num_chunks_returned_to_freelist: 0.
num_chunks_taken_from_freelist: 655.
num_chunk_merges: 0.
num_chunk_splits: 380.
num_chunks_enlarged: 240.
num_inconsistent_stats: 0.

CodeHeap 'non-profiled nmethods': size=120064Kb used=995Kb max_used=995Kb free=119069Kb
 bounds [0x000001cd07ac0000, 0x000001cd07d30000, 0x000001cd0f000000]
CodeHeap 'profiled nmethods': size=120000Kb used=5362Kb max_used=5362Kb free=114637Kb
 bounds [0x000001cd00000000, 0x000001cd00540000, 0x000001cd07530000]
CodeHeap 'non-nmethods': size=5696Kb used=1469Kb max_used=1685Kb free=4226Kb
 bounds [0x000001cd07530000, 0x000001cd077a0000, 0x000001cd07ac0000]
CodeCache: size=245760Kb, used=7826Kb, max_used=8042Kb, free=237932Kb
 total_blobs=3657, nmethods=3085, adapters=477, full_count=0
Compilation: enabled, stopped_count=0, restarted_count=0

Compilation events (20 events):
Event: 2327.119 Thread 0x000001cd500ed840 3053       3       java.util.concurrent.ConcurrentSkipListMap::addCount (35 bytes)
Event: 2327.120 Thread 0x000001cd500ed840 nmethod 3053 0x000001cd0052ac88 code [0x000001cd0052ae80, 0x000001cd0052bc40]
Event: 2327.121 Thread 0x000001cd500ed840 3054       3       java.util.concurrent.atomic.LongAdder::add (96 bytes)
Event: 2327.122 Thread 0x000001cd500ed840 nmethod 3054 0x000001cd0052bd08 code [0x000001cd0052be80, 0x000001cd0052c528]
Event: 2327.122 Thread 0x000001cd500ed840 3055       3       java.util.concurrent.atomic.Striped64::casBase (10 bytes)
Event: 2327.123 Thread 0x000001cd500ed840 nmethod 3055 0x000001cd0052c588 code [0x000001cd0052c720, 0x000001cd0052d110]
Event: 2327.132 Thread 0x000001cd500ed840 3057   !   3       java.util.concurrent.CompletableFuture::uniHandle (81 bytes)
Event: 2327.135 Thread 0x000001cd500ed840 nmethod 3057 0x000001cd0052d188 code [0x000001cd0052d440, 0x000001cd0052eea0]
Event: 2327.135 Thread 0x000001cd500ed840 3058       3       java.util.ImmutableCollections$List12::toArray (61 bytes)
Event: 2327.136 Thread 0x000001cd500ed840 nmethod 3058 0x000001cd0052ef88 code [0x000001cd0052f120, 0x000001cd0052fce8]
Event: 2327.136 Thread 0x000001cd500ed840 3059       1       jdk.internal.event.SocketWriteEvent::enabled (2 bytes)
Event: 2327.136 Thread 0x000001cd500ed840 nmethod 3059 0x000001cd07bb5d88 code [0x000001cd07bb5e80, 0x000001cd07bb5f28]
Event: 2327.136 Thread 0x000001cd500ed840 3060       1       java.nio.DirectByteBuffer::isReadOnly (2 bytes)
Event: 2327.136 Thread 0x000001cd500ed840 nmethod 3060 0x000001cd07bb6088 code [0x000001cd07bb6180, 0x000001cd07bb6248]
Event: 2327.140 Thread 0x000001cd500ed840 3061       3       jdk.internal.net.http.HttpClientImpl::registerEvent (9 bytes)
Event: 2327.140 Thread 0x000001cd500ed840 nmethod 3061 0x000001cd0052fd88 code [0x000001cd0052fea0, 0x000001cd00530078]
Event: 2327.141 Thread 0x000001cd500ed840 3062       3       sun.security.provider.SHA2::resetHashes (19 bytes)
Event: 2327.141 Thread 0x000001cd500ed840 nmethod 3062 0x000001cd00530108 code [0x000001cd00530220, 0x000001cd005303e0]
Event: 2327.147 Thread 0x000001cd500ed840 3063       1       java.net.InetAddress$InetAddressHolder::getHostName (5 bytes)
Event: 2327.147 Thread 0x000001cd500ed840 nmethod 3063 0x000001cd07bb6388 code [0x000001cd07bb6480, 0x000001cd07bb6548]

GC Heap History (2 events):
Event: 4.138 GC heap before
{Heap before GC invocations=0 (full 0):
 garbage-first heap   total reserved 4171776K, committed 264192K, used 29808K [0x0000000701600000, 0x0000000800000000)
  region size 2048K, 14 young (28672K), 0 survivors (0K)
 Metaspace       used 7875K, committed 8064K, reserved 1114112K
  class space    used 698K, committed 768K, reserved 1048576K
}
Event: 4.147 GC heap after
{Heap after GC invocations=1 (full 0):
 garbage-first heap   total reserved 4171776K, committed 264192K, used 7826K [0x0000000701600000, 0x0000000800000000)
  region size 2048K, 2 young (4096K), 2 survivors (4096K)
 Metaspace       used 7875K, committed 8064K, reserved 1114112K
  class space    used 698K, committed 768K, reserved 1048576K
}

Dll operation events (13 events):
Event: 0.259 Loaded shared library C:\Users\gusta\.jdks\openjdk-24\bin\java.dll
Event: 0.262 Loaded shared library C:\Users\gusta\.jdks\openjdk-24\bin\zip.dll
Event: 0.433 Loaded shared library C:\Users\gusta\.jdks\openjdk-24\bin\jsvml.dll
Event: 1.864 Loaded shared library C:\Users\gusta\.jdks\openjdk-24\bin\instrument.dll
Event: 2.120 Loaded shared library C:\Users\gusta\.jdks\openjdk-24\bin\net.dll
Event: 2.124 Loaded shared library C:\Users\gusta\.jdks\openjdk-24\bin\nio.dll
Event: 2.175 Loaded shared library C:\Users\gusta\.jdks\openjdk-24\bin\zip.dll
Event: 2.473 Loaded shared library C:\Users\gusta\.jdks\openjdk-24\bin\jimage.dll
Event: 5.115 Loaded shared library C:\Users\gusta\.jdks\openjdk-24\bin\extnet.dll
Event: 5.189 Loaded shared library C:\Users\gusta\.jdks\openjdk-24\bin\management.dll
Event: 5.196 Loaded shared library C:\Users\gusta\.jdks\openjdk-24\bin\management_ext.dll
Event: 6.988 Loaded shared library C:\Users\gusta\.jdks\openjdk-24\bin\sunmscapi.dll
Event: 2327.232 Loaded shared library C:\Users\gusta\AppData\Local\Temp\idea_libasyncProfiler_dll_temp_folder1\libasyncProfiler.dll

Deoptimization events (20 events):
Event: 2327.100 Thread 0x000001cd6b694010 DEOPT PACKING pc=0x000001cd0049eb34 sp=0x000000700d8fcfb0
Event: 2327.100 Thread 0x000001cd6b694010 DEOPT UNPACKING pc=0x000001cd07585722 sp=0x000000700d8fc4a8 mode 1
Event: 2327.100 Thread 0x000001cd6b694010 DEOPT PACKING pc=0x000001cd0046ac4c sp=0x000000700d8fd060
Event: 2327.100 Thread 0x000001cd6b694010 DEOPT UNPACKING pc=0x000001cd07585722 sp=0x000000700d8fc5b0 mode 1
Event: 2327.100 Thread 0x000001cd6b694010 DEOPT PACKING pc=0x000001cd0049eb34 sp=0x000000700d8fd030
Event: 2327.100 Thread 0x000001cd6b694010 DEOPT UNPACKING pc=0x000001cd07585722 sp=0x000000700d8fc528 mode 1
Event: 2327.100 Thread 0x000001cd6b694010 DEOPT PACKING pc=0x000001cd0046ac4c sp=0x000000700d8fd0e0
Event: 2327.100 Thread 0x000001cd6b694010 DEOPT UNPACKING pc=0x000001cd07585722 sp=0x000000700d8fc630 mode 1
Event: 2327.100 Thread 0x000001cd6b694010 DEOPT PACKING pc=0x000001cd0049eb34 sp=0x000000700d8fcfb0
Event: 2327.100 Thread 0x000001cd6b694010 DEOPT UNPACKING pc=0x000001cd07585722 sp=0x000000700d8fc4a8 mode 1
Event: 2327.100 Thread 0x000001cd6b694010 DEOPT PACKING pc=0x000001cd0046ac4c sp=0x000000700d8fd060
Event: 2327.100 Thread 0x000001cd6b694010 DEOPT UNPACKING pc=0x000001cd07585722 sp=0x000000700d8fc5b0 mode 1
Event: 2327.100 Thread 0x000001cd6b694010 DEOPT PACKING pc=0x000001cd0049eb34 sp=0x000000700d8fd030
Event: 2327.100 Thread 0x000001cd6b694010 DEOPT UNPACKING pc=0x000001cd07585722 sp=0x000000700d8fc528 mode 1
Event: 2327.100 Thread 0x000001cd6b694010 DEOPT PACKING pc=0x000001cd0046ac4c sp=0x000000700d8fd0e0
Event: 2327.100 Thread 0x000001cd6b694010 DEOPT UNPACKING pc=0x000001cd07585722 sp=0x000000700d8fc630 mode 1
Event: 2327.100 Thread 0x000001cd6b694010 DEOPT PACKING pc=0x000001cd0049eb34 sp=0x000000700d8fcfb0
Event: 2327.100 Thread 0x000001cd6b694010 DEOPT UNPACKING pc=0x000001cd07585722 sp=0x000000700d8fc4a8 mode 1
Event: 2327.101 Thread 0x000001cd6b694010 DEOPT PACKING pc=0x000001cd0046ac4c sp=0x000000700d8fd060
Event: 2327.101 Thread 0x000001cd6b694010 DEOPT UNPACKING pc=0x000001cd07585722 sp=0x000000700d8fc5b0 mode 1

Classes loaded (20 events):
Event: 33.141 Loading class java/util/AbstractList$ListItr
Event: 33.141 Loading class java/util/AbstractList$ListItr done
Event: 2327.024 Loading class kotlinx/coroutines/debug/internal/DebugProbesImpl
Event: 2327.024 Loading class kotlinx/coroutines/debug/internal/DebugProbesImpl done
Event: 2327.096 Loading class jdk/internal/net/http/SocketTube$InternalReadPublisher$InternalReadSubscription
Event: 2327.096 Loading class jdk/internal/net/http/SocketTube$InternalReadPublisher$InternalReadSubscription done
Event: 2327.100 Loading class java/util/IdentityHashMap$KeyIterator
Event: 2327.101 Loading class java/util/IdentityHashMap$KeyIterator done
Event: 2327.123 Loading class jdk/internal/net/http/websocket/WebSocketImpl$ReceiveTask
Event: 2327.123 Loading class jdk/internal/net/http/websocket/WebSocketImpl$ReceiveTask done
Event: 2327.126 Loading class jdk/internal/net/http/websocket/WebSocketImpl
Event: 2327.126 Loading class jdk/internal/net/http/websocket/WebSocketImpl done
Event: 2327.126 Loading class java/net/http/WebSocket
Event: 2327.126 Loading class java/net/http/WebSocket done
Event: 2327.126 Loading class java/net/http/WebSocket
Event: 2327.126 Loading class java/net/http/WebSocket done
Event: 2327.130 Loading class java/nio/StringCharBuffer
Event: 2327.131 Loading class java/nio/StringCharBuffer done
Event: 2327.147 Loading class java/net/http/WebSocket
Event: 2327.147 Loading class java/net/http/WebSocket done

Classes unloaded (0 events):
No events

Classes redefined (1 events):
Event: 2.005 Thread 0x000001cd6b81c360 redefined class name=java.lang.Throwable, count=1

Internal exceptions (20 events):
Event: 6.250 Thread 0x000001cd6b694010 Exception <a 'java/lang/NoSuchMethodError'{0x000000071036db98}: 'int java.lang.invoke.Invokers$Holder.linkToTargetMethod(java.lang.Object, java.lang.Object, java.lang.Object)'> (0x000000071036db98) 
thrown [s\open\src\hotspot\share\interpreter\linkResolver.cpp, line 805]
Event: 6.267 Thread 0x000001cd6b694010 Exception <a 'java/lang/NoSuchMethodError'{0x00000007103a43d0}: 'long java.lang.invoke.DirectMethodHandle$Holder.invokeSpecial(java.lang.Object, java.lang.Object)'> (0x00000007103a43d0) 
thrown [s\open\src\hotspot\share\interpreter\linkResolver.cpp, line 805]
Event: 6.439 Thread 0x000001cd6b694010 Exception <a 'sun/nio/fs/WindowsException'{0x00000007100f0da8}> (0x00000007100f0da8) 
thrown [s\open\src\hotspot\share\prims\jni.cpp, line 518]
Event: 6.662 Thread 0x000001cd6b694010 Exception <a 'java/lang/NoSuchMethodError'{0x000000070ffd6bc8}: 'void java.lang.invoke.DirectMethodHandle$Holder.invokeVirtual(java.lang.Object, java.lang.Object)'> (0x000000070ffd6bc8) 
thrown [s\open\src\hotspot\share\interpreter\linkResolver.cpp, line 805]
Event: 7.202 Thread 0x000001cd6b694010 Exception <a 'java/lang/IncompatibleClassChangeError'{0x000000070f38cf30}: Found class java.lang.Object, but interface was expected> (0x000000070f38cf30) 
thrown [s\open\src\hotspot\share\interpreter\linkResolver.cpp, line 872]
Event: 7.228 Thread 0x000001cd6b694010 Exception <a 'java/lang/NoSuchMethodError'{0x000000070f3cb5c8}: 'java.lang.Object java.lang.invoke.DirectMethodHandle$Holder.invokeVirtual(java.lang.Object, java.lang.Object, java.lang.Object, java.lang.Object)'> (0x000000070f3cb5c8) 
thrown [s\open\src\hotspot\share\interpreter\linkResolver.cpp, line 805]
Event: 7.314 Thread 0x000001cd55ca11e0 Exception <a 'java/net/ConnectException'{0x000000070ee2c840}: Connection refused: getsockopt> (0x000000070ee2c840) 
thrown [s\open\src\hotspot\share\prims\jni.cpp, line 536]
Event: 7.333 Thread 0x000001cd55ca11e0 Exception <a 'java/net/ConnectException'{0x000000070ee2f580}: Connection refused: getsockopt> (0x000000070ee2f580) 
thrown [s\open\src\hotspot\share\prims\jni.cpp, line 536]
Event: 7.455 Thread 0x000001cd6b694010 Exception <a 'java/lang/NoSuchMethodError'{0x000000070ecdcd30}: 'java.lang.Object java.lang.invoke.DirectMethodHandle$Holder.newInvokeSpecial(java.lang.Object, java.lang.Object, int, int)'> (0x000000070ecdcd30) 
thrown [s\open\src\hotspot\share\interpreter\linkResolver.cpp, line 805]
Event: 7.459 Thread 0x000001cd6b694010 Exception <a 'java/lang/NoSuchMethodError'{0x000000070ecedca0}: 'void java.lang.invoke.DirectMethodHandle$Holder.invokeStatic(java.lang.Object, java.lang.Object, int)'> (0x000000070ecedca0) 
thrown [s\open\src\hotspot\share\interpreter\linkResolver.cpp, line 805]
Event: 7.563 Thread 0x000001cd5041ea00 Exception <a 'java/lang/NoSuchMethodError'{0x000000070eac1de8}: 'void java.lang.invoke.DirectMethodHandle$Holder.invokeStatic(java.lang.Object, java.lang.Object, java.lang.Object, java.lang.Object, java.lang.Object, java.lang.Object, java.lang.Object)'> (0x000000070eac1de8) 
thrown [s\open\src\hotspot\share\interpreter\linkResolver.cpp, line 805]
Event: 7.623 Thread 0x000001cd5041ea00 Exception <a 'java/lang/NoSuchMethodError'{0x000000070e848828}: 'java.lang.Object java.lang.invoke.DirectMethodHandle$Holder.invokeSpecial(java.lang.Object, java.lang.Object, java.lang.Object, java.lang.Object, java.lang.Object, int)'> (0x000000070e848828) 
thrown [s\open\src\hotspot\share\interpreter\linkResolver.cpp, line 805]
Event: 7.712 Thread 0x000001cd5041ea00 Exception <a 'java/lang/NoSuchMethodError'{0x000000070e970e28}: 'long java.lang.invoke.DirectMethodHandle$Holder.invokeStatic(java.lang.Object, long, long)'> (0x000000070e970e28) 
thrown [s\open\src\hotspot\share\interpreter\linkResolver.cpp, line 805]
Event: 7.721 Thread 0x000001cd55ca2f20 Exception <a 'java/lang/NoSuchMethodError'{0x000000070f289728}: 'int java.lang.invoke.DirectMethodHandle$Holder.invokeStatic(java.lang.Object, int, java.lang.Object)'> (0x000000070f289728) 
thrown [s\open\src\hotspot\share\interpreter\linkResolver.cpp, line 805]
Event: 7.724 Thread 0x000001cd55ca2f20 Exception <a 'java/lang/NoSuchMethodError'{0x000000070f2a7a20}: 'java.lang.Object java.lang.invoke.DirectMethodHandle$Holder.newInvokeSpecial(java.lang.Object, java.lang.Object, int)'> (0x000000070f2a7a20) 
thrown [s\open\src\hotspot\share\interpreter\linkResolver.cpp, line 805]
Event: 10.193 Thread 0x000001cd6b694010 Exception <a 'java/lang/NoSuchMethodError'{0x000000070ea59e20}: 'java.lang.Object java.lang.invoke.DirectMethodHandle$Holder.invokeSpecialIFC(java.lang.Object, java.lang.Object, java.lang.Object)'> (0x000000070ea59e20) 
thrown [s\open\src\hotspot\share\interpreter\linkResolver.cpp, line 805]
Event: 13.332 Thread 0x000001cd6b694010 Exception <a 'java/lang/NoSuchMethodError'{0x000000070daccb30}: 'void java.lang.invoke.Invokers$Holder.invokeExact_MT(java.lang.Object, java.lang.Object, java.lang.Object, java.lang.Object)'> (0x000000070daccb30) 
thrown [s\open\src\hotspot\share\interpreter\linkResolver.cpp, line 805]
Event: 16.051 Thread 0x000001cd6b694010 Exception <a 'java/lang/NoSuchMethodError'{0x000000070db88338}: 'void java.lang.invoke.DirectMethodHandle$Holder.invokeStaticInit(java.lang.Object, java.lang.Object)'> (0x000000070db88338) 
thrown [s\open\src\hotspot\share\interpreter\linkResolver.cpp, line 805]
Event: 25.950 Thread 0x000001cd6b694010 Exception <a 'java/lang/IncompatibleClassChangeError'{0x000000070d44b508}: Found class java.lang.Object, but interface was expected> (0x000000070d44b508) 
thrown [s\open\src\hotspot\share\interpreter\linkResolver.cpp, line 872]
Event: 2327.145 Thread 0x000001cd5041e2b0 Exception <a 'java/io/IOException'{0x000000070d174c60}> (0x000000070d174c60) 
thrown [s\open\src\hotspot\share\prims\jni.cpp, line 518]

VM Operations (20 events):
Event: 10.120 Executing VM operation: HandshakeAllThreads (Deoptimize)
Event: 10.120 Executing VM operation: HandshakeAllThreads (Deoptimize) done
Event: 10.125 Executing VM operation: HandshakeAllThreads (Deoptimize)
Event: 10.125 Executing VM operation: HandshakeAllThreads (Deoptimize) done
Event: 13.228 Executing VM operation: ChangeBreakpoints
Event: 13.230 Executing VM operation: ChangeBreakpoints done
Event: 13.241 Executing VM operation: ChangeBreakpoints
Event: 13.243 Executing VM operation: ChangeBreakpoints done
Event: 16.028 Executing VM operation: HandshakeAllThreads (Deoptimize)
Event: 16.028 Executing VM operation: HandshakeAllThreads (Deoptimize) done
Event: 31.265 Executing VM operation: get/set locals
Event: 31.265 Executing VM operation: get/set locals done
Event: 41.223 Executing VM operation: ChangeBreakpoints
Event: 41.223 Executing VM operation: ChangeBreakpoints done
Event: 60.435 Executing VM operation: HandshakeAllThreads (HandshakeForDeflation)
Event: 60.435 Executing VM operation: HandshakeAllThreads (HandshakeForDeflation) done
Event: 60.436 Executing VM operation: RendezvousGCThreads
Event: 60.436 Executing VM operation: RendezvousGCThreads done
Event: 2310.445 Executing VM operation: get/set locals
Event: 2310.445 Executing VM operation: get/set locals done

Memory protections (0 events):
No events

Nmethod flushes (0 events):
No events

Events (20 events):
Event: 10.471 Thread 0x000001cd6b694010 Thread added: 0x000001cd5041fff0
Event: 10.520 Thread 0x000001cd5041c570 Thread added: 0x000001cd50419240
Event: 10.535 Thread 0x000001cd5041c570 Thread added: 0x000001cd50420740
Event: 10.535 Thread 0x000001cd5041c570 Thread added: 0x000001cd50419990
Event: 22.375 Thread 0x000001cd5041e2b0 Thread exited: 0x000001cd5041e2b0
Event: 2327.095 Thread 0x000001cd50420740 Thread exited: 0x000001cd50420740
Event: 2327.095 Thread 0x000001cd50419240 Thread exited: 0x000001cd50419240
Event: 2327.096 Thread 0x000001cd5041f150 Thread exited: 0x000001cd5041f150
Event: 2327.097 Thread 0x000001cd55ca1930 Thread exited: 0x000001cd55ca1930
Event: 2327.097 Thread 0x000001cd5041c570 Thread added: 0x000001cd5041e2b0
Event: 2327.101 Thread 0x000001cd5041be20 Thread exited: 0x000001cd5041be20
Event: 2327.101 Thread 0x000001cd6b694010 Thread added: 0x000001cd5041be20
Event: 2327.101 Thread 0x000001cd5041ccc0 Thread exited: 0x000001cd5041ccc0
Event: 2327.102 Thread 0x000001cd55ca11e0 Thread exited: 0x000001cd55ca11e0
Event: 2327.102 Thread 0x000001cd5041ea00 Thread exited: 0x000001cd5041ea00
Event: 2327.102 Thread 0x000001cd5041fff0 Thread exited: 0x000001cd5041fff0
Event: 2327.106 Thread 0x000001cd50419990 Thread exited: 0x000001cd50419990
Event: 2327.119 Thread 0x000001cd55ca2f20 Thread added: 0x000001cd5041ccc0
Event: 2327.129 Thread 0x000001cd55ca2f20 Thread added: 0x000001cd5041ea00
Event: 2327.129 Thread 0x000001cd55ca2f20 Thread added: 0x000001cd5041f150


Dynamic libraries:
0x00007ff614c20000 - 0x00007ff614c2e000 	C:\Users\gusta\.jdks\openjdk-24\bin\java.exe
0x00007ff9df3d0000 - 0x00007ff9df5e7000 	C:\Windows\SYSTEM32\ntdll.dll
0x00007ff9de360000 - 0x00007ff9de424000 	C:\Windows\System32\KERNEL32.DLL
0x00007ff9dc6f0000 - 0x00007ff9dca9d000 	C:\Windows\System32\KERNELBASE.dll
0x00007ff9dcec0000 - 0x00007ff9dcfd1000 	C:\Windows\System32\ucrtbase.dll
0x00007ff9c9b10000 - 0x00007ff9c9b26000 	C:\Users\gusta\.jdks\openjdk-24\bin\jli.dll
0x00007ff9deef0000 - 0x00007ff9df09e000 	C:\Windows\System32\USER32.dll
0x00007ff9dcfe0000 - 0x00007ff9dd006000 	C:\Windows\System32\win32u.dll
0x00007ff9de430000 - 0x00007ff9de459000 	C:\Windows\System32\GDI32.dll
0x00007ff9dcda0000 - 0x00007ff9dceb9000 	C:\Windows\System32\gdi32full.dll
0x00007ff9dcd00000 - 0x00007ff9dcd9a000 	C:\Windows\System32\msvcp_win.dll
0x00007ff9b8a30000 - 0x00007ff9b8a4b000 	C:\Users\gusta\.jdks\openjdk-24\bin\VCRUNTIME140.dll
0x00007ff9cb6f0000 - 0x00007ff9cb983000 	C:\Windows\WinSxS\amd64_microsoft.windows.common-controls_6595b64144ccf1df_6.0.22621.3672_none_2713b9d173822955\COMCTL32.dll
0x00007ff9dee40000 - 0x00007ff9deee7000 	C:\Windows\System32\msvcrt.dll
0x00007ff9dd610000 - 0x00007ff9dd641000 	C:\Windows\System32\IMM32.DLL
0x00007ff9ccd40000 - 0x00007ff9ccd4c000 	C:\Users\gusta\.jdks\openjdk-24\bin\vcruntime140_1.dll
0x00007ff9b5ad0000 - 0x00007ff9b5b5e000 	C:\Users\gusta\.jdks\openjdk-24\bin\msvcp140.dll
0x00007ff969a90000 - 0x00007ff96a832000 	C:\Users\gusta\.jdks\openjdk-24\bin\server\jvm.dll
0x00007ff9dd360000 - 0x00007ff9dd412000 	C:\Windows\System32\ADVAPI32.dll
0x00007ff9df160000 - 0x00007ff9df209000 	C:\Windows\System32\sechost.dll
0x00007ff9dd010000 - 0x00007ff9dd038000 	C:\Windows\System32\bcrypt.dll
0x00007ff9dd470000 - 0x00007ff9dd584000 	C:\Windows\System32\RPCRT4.dll
0x00007ff9dd120000 - 0x00007ff9dd191000 	C:\Windows\System32\WS2_32.dll
0x00007ff9dc510000 - 0x00007ff9dc55d000 	C:\Windows\SYSTEM32\POWRPROF.dll
0x00007ff9d5fb0000 - 0x00007ff9d5fe4000 	C:\Windows\SYSTEM32\WINMM.dll
0x00007ff9c79c0000 - 0x00007ff9c79ca000 	C:\Windows\SYSTEM32\VERSION.dll
0x00007ff9dc3f0000 - 0x00007ff9dc403000 	C:\Windows\SYSTEM32\UMPDC.dll
0x00007ff9db740000 - 0x00007ff9db758000 	C:\Windows\SYSTEM32\kernel.appcore.dll
0x00007ff9bd470000 - 0x00007ff9bd47a000 	C:\Users\gusta\.jdks\openjdk-24\bin\jimage.dll
0x00007ff9c7d90000 - 0x00007ff9c7fc2000 	C:\Windows\SYSTEM32\DBGHELP.DLL
0x00007ff9dd6e0000 - 0x00007ff9dda6e000 	C:\Windows\System32\combase.dll
0x00007ff9de280000 - 0x00007ff9de357000 	C:\Windows\System32\OLEAUT32.dll
0x00007ff9c7160000 - 0x00007ff9c7192000 	C:\Windows\SYSTEM32\dbgcore.DLL
0x00007ff9dcaa0000 - 0x00007ff9dcb1b000 	C:\Windows\System32\bcryptPrimitives.dll
0x00007ff9b59d0000 - 0x00007ff9b5a0c000 	C:\Users\gusta\.jdks\openjdk-24\bin\jdwp.dll
0x00007ff96bd00000 - 0x00007ff96bf0e000 	C:\Users\gusta\AppData\Local\Temp\idea_libasyncProfiler_dll_temp_folder1\libasyncProfiler.dll
0x00007ff9bbfb0000 - 0x00007ff9bbfbf000 	C:\Users\gusta\.jdks\openjdk-24\bin\instrument.dll
0x00007ff9b5a50000 - 0x00007ff9b5a6e000 	C:\Users\gusta\.jdks\openjdk-24\bin\java.dll
0x00007ff9de0d0000 - 0x00007ff9de275000 	C:\Windows\System32\ole32.dll
0x00007ff9de4c0000 - 0x00007ff9ded27000 	C:\Windows\System32\SHELL32.dll
0x00007ff9b59b0000 - 0x00007ff9b59c7000 	C:\Users\gusta\.jdks\openjdk-24\bin\zip.dll
0x00007ff9da660000 - 0x00007ff9daf5f000 	C:\Windows\SYSTEM32\windows.storage.dll
0x00007ff9da520000 - 0x00007ff9da65f000 	C:\Windows\SYSTEM32\wintypes.dll
0x00007ff9ded30000 - 0x00007ff9dee29000 	C:\Windows\System32\SHCORE.dll
0x00007ff9dd300000 - 0x00007ff9dd35e000 	C:\Windows\System32\shlwapi.dll
0x00007ff9dc620000 - 0x00007ff9dc647000 	C:\Windows\SYSTEM32\profapi.dll
0x00007ff96c410000 - 0x00007ff96c4e7000 	C:\Users\gusta\.jdks\openjdk-24\bin\jsvml.dll
0x00007ff9b88b0000 - 0x00007ff9b88bc000 	C:\Users\gusta\.jdks\openjdk-24\bin\dt_socket.dll
0x00007ff9db1c0000 - 0x00007ff9db1ed000 	C:\Windows\SYSTEM32\IPHLPAPI.DLL
0x00007ff9dbbb0000 - 0x00007ff9dbc19000 	C:\Windows\system32\mswsock.dll
0x00007ff9b8750000 - 0x00007ff9b8760000 	C:\Users\gusta\.jdks\openjdk-24\bin\net.dll
0x00007ff9b5990000 - 0x00007ff9b59a6000 	C:\Users\gusta\.jdks\openjdk-24\bin\nio.dll
0x00007ff9dbe10000 - 0x00007ff9dbe2b000 	C:\Windows\SYSTEM32\CRYPTSP.dll
0x00007ff9db6a0000 - 0x00007ff9db6d5000 	C:\Windows\system32\rsaenh.dll
0x00007ff9dbca0000 - 0x00007ff9dbcc8000 	C:\Windows\SYSTEM32\USERENV.dll
0x00007ff9dbe00000 - 0x00007ff9dbe0c000 	C:\Windows\SYSTEM32\CRYPTBASE.dll
0x00007ff9dd110000 - 0x00007ff9dd119000 	C:\Windows\System32\NSI.dll
0x00007ff9b82f0000 - 0x00007ff9b82f9000 	C:\Users\gusta\.jdks\openjdk-24\bin\extnet.dll
0x00007ff9db230000 - 0x00007ff9db328000 	C:\Windows\SYSTEM32\DNSAPI.dll
0x00007ff9cfbf0000 - 0x00007ff9cfbfa000 	C:\Windows\System32\rasadhlp.dll
0x00007ff9d3700000 - 0x00007ff9d3783000 	C:\Windows\System32\fwpuclnt.dll
0x00007ff9b6a80000 - 0x00007ff9b6a8a000 	C:\Users\gusta\.jdks\openjdk-24\bin\management.dll
0x00007ff9b5a40000 - 0x00007ff9b5a4b000 	C:\Users\gusta\.jdks\openjdk-24\bin\management_ext.dll
0x00007ff9dee30000 - 0x00007ff9dee38000 	C:\Windows\System32\PSAPI.DLL
0x00007ff9b5980000 - 0x00007ff9b598e000 	C:\Users\gusta\.jdks\openjdk-24\bin\sunmscapi.dll
0x00007ff9dcb20000 - 0x00007ff9dcc87000 	C:\Windows\System32\CRYPT32.dll
0x00007ff9dbfc0000 - 0x00007ff9dbfee000 	C:\Windows\SYSTEM32\ncrypt.dll
0x00007ff9dbf80000 - 0x00007ff9dbfb7000 	C:\Windows\SYSTEM32\NTASN1.dll
0x00007ff9d28e0000 - 0x00007ff9d28e8000 	C:\Windows\system32\wshunix.dll

dbghelp: loaded successfully - version: 4.0.5 - missing functions: none
symbol engine: initialized successfully - sym options: 0x614 - pdb path: .;C:\Users\gusta\.jdks\openjdk-24\bin;C:\Windows\SYSTEM32;C:\Windows\WinSxS\amd64_microsoft.windows.common-controls_6595b64144ccf1df_6.0.22621.3672_none_2713b9d173822955;C:\Users\gusta\.jdks\openjdk-24\bin\server;C:\Users\gusta\AppData\Local\Temp\idea_libasyncProfiler_dll_temp_folder1

VM Arguments:
jvm_args: -agentlib:jdwp=transport=dt_socket,address=127.0.0.1:60351,suspend=y,server=n -agentpath:C:\Users\gusta\AppData\Local\Temp\idea_libasyncProfiler_dll_temp_folder1\libasyncProfiler.dll=version,jfr,event=wall,interval=10ms,cstack=no,file=C:\Users\gusta\IdeaSnapshots\Scenario__Altera_Cadastro__Account_details__2025_03_27_100932.jfr,dbghelppath=C:\Users\gusta\AppData\Local\Temp\idea_dbghelp_dll_temp_folder1\dbghelp.dll,log=C:\Users\gusta\AppData\Local\Temp\Scenario__Altera_Cadastro__Account_details__2025_03_27_100932.jfr.log.txt,logLevel=DEBUG -Dorg.jetbrains.run.directory=C:\Users\gusta\OneDrive\Desktop\Automação\advantageonlines\advantageonlines\src\main\resources\features -javaagent:C:\Users\gusta\AppData\Local\JetBrains\IntelliJIdea2024.3\captureAgent\debugger-agent.jar -Dkotlinx.coroutines.debug.enable.creation.stack.trace=false -Ddebugger.agent.enable.coroutines=true -Dkotlinx.coroutines.debug.enable.flows.stack.trace=true -Dkotlinx.coroutines.debug.enable.mutable.state.flows.stack.trace=true -Dfile.encoding=UTF-8 -Dsun.stdout.encoding=UTF-8 -Dsun.stderr.encoding=UTF-8 
java_command: io.cucumber.core.cli.Main --plugin org.jetbrains.plugins.cucumber.java.run.CucumberJvm5SMFormatter --name ^Altera Cadastro \(Account details\)$ --glue Steps C:/Users/gusta/OneDrive/Desktop/Automação/advantageonlines/advantageonlines/src/main/resources/features/advantageonlineshopping.feature
java_class_path (initial): C:\Users\gusta\OneDrive\Desktop\Automação\advantageonlines\advantageonlines\target\test-classes;C:\Users\gusta\OneDrive\Desktop\Automação\advantageonlines\advantageonlines\target\classes;C:\Users\gusta\.m2\repository\org\seleniumhq\selenium\selenium-java\4.30.0\selenium-java-4.30.0.jar;C:\Users\gusta\.m2\repository\org\seleniumhq\selenium\selenium-api\4.30.0\selenium-api-4.30.0.jar;C:\Users\gusta\.m2\repository\org\jspecify\jspecify\1.0.0\jspecify-1.0.0.jar;C:\Users\gusta\.m2\repository\org\seleniumhq\selenium\selenium-chrome-driver\4.30.0\selenium-chrome-driver-4.30.0.jar;C:\Users\gusta\.m2\repository\com\google\auto\service\auto-service-annotations\1.1.1\auto-service-annotations-1.1.1.jar;C:\Users\gusta\.m2\repository\org\seleniumhq\selenium\selenium-chromium-driver\4.30.0\selenium-chromium-driver-4.30.0.jar;C:\Users\gusta\.m2\repository\org\seleniumhq\selenium\selenium-json\4.30.0\selenium-json-4.30.0.jar;C:\Users\gusta\.m2\repository\org\seleniumhq\selenium\selenium-manager\4.30.0\selenium-manager-4.30.0.jar;C:\Users\gusta\.m2\repository\org\seleniumhq\selenium\selenium-devtools-v132\4.30.0\selenium-devtools-v132-4.30.0.jar;C:\Users\gusta\.m2\repository\org\seleniumhq\selenium\selenium-devtools-v133\4.30.0\selenium-devtools-v133-4.30.0.jar;C:\Users\gusta\.m2\repository\org\seleniumhq\selenium\selenium-devtools-v134\4.30.0\selenium-devtools-v134-4.30.0.jar;C:\Users\gusta\.m2\repository\org\seleniumhq\selenium\selenium-edge-driver\4.30.0\selenium-edge-driver-4.30.0.jar;C:\Users\gusta\.m2\repository\org\seleniumhq\selenium\selenium-firefox-driver\4.30.0\selenium-firefox-driver-4.30.0.jar;C:\Users\gusta\.m2\repository\org\seleniumhq\selenium\selenium-http\4.30.0\selenium-http-4.30.0.jar;C:\Users\gusta\.m2\repository\org\seleniumhq\selenium\selenium-ie-driver\4.30.0\selenium-ie-driver-4.30.0.jar;C:\Users\gusta\.m2\repository\org\seleniumhq\selenium\selenium-remote-driver\4.30.0\selenium-remote-driver-4.30.0.jar;C:\Users\gusta\.m2\repository\com\google\guava\guava\33.4.5-jre\guava-33.4.5-jre.jar;C:\Users\gusta\.m2\repository\com\google\guava\failureaccess\1.0.3\failureaccess-1.0.3.jar;C:\Users\gusta\.m2\repository\com\google\guava\listenablefuture\9999.0-empty-to-avoid-conflict-with-guava\listenablefuture-9999.0-empty-to-avoid-conflict-with-guava.jar;C:\Users\gusta\.m2\repository\com\google\errorprone\error_prone_annotations\2.36.0\error_prone_annotations-2.36.0.jar;C:\Users\gusta\.m2\repository\com\google\j2objc\j2objc-annotations\3.0.0\j2objc-annotations-3.0.0.jar;C:\Users\gusta\.m2\repository\io\opentelemetry\opentelemetry-api\1.48.0\opentelemetry-api-1.48.0.jar;C:\Users\gusta\.m2\repository\io\opentelemetry\opentelemetry-context\1.48.0\opentelemetry-context-1.48.0.jar;C:\Users\gusta\.m2\repository\io\opentelemetry\opentelemetry-exporter-logging\1.48.0\opentelemetry-exporter-logging-1.48.0.jar;C:\Users\gusta\.m2\repository\io\opentelemetry\opentelemetry-sdk-common\1.48.0\opentelemetry-sdk-common-1.48.0.jar;C:\Users\gusta\.m2\repository\io\opentelemetry\opentelemetry-sdk-extension-autoconfigure-spi\1.48.0\opentelemetry-sdk-extension-autoconfigure-spi-1.48.0.jar;C:\Users\gusta\.m2\repository\io\opentelemetry\opentelemetry-sdk-extension-autoconfigure\1.48.0\opentelemetry-sdk-extension-autoconfigure-1.48.0.jar;C:\Users\gusta\.m2\repository\io\opentelemetry\opentelemetry-sdk-trace\1.48.0\opentelemetry-sdk-trace-1.48.0.jar;C:\Users\gusta\.m2\repository\io\opentelemetry\opentelemetry-sdk\1.48.0\opentelemetry-sdk-1.48.0.jar;C:\Users\gusta\.m2\repository\io\opentelemetry\opentelemetry-sdk-metrics\1.48.0\opentelemetry-sdk-metrics-1.48.0.jar;C:\Users\gusta\.m2\repository\io\opentelemetry\opentelemetry-sdk-logs\1.48.0\opentelemetry-sdk-logs-1.48.0.jar;C:\Users\gusta\.m2\repository\net\bytebuddy\byte-buddy\1.17.2\byte-buddy-1.17.2.jar;C:\Users\gusta\.m2\repository\org\seleniumhq\selenium\selenium-os\4.30.0\selenium-os-4.30.0.jar;C:\Users\gusta\.m2\repository\org\apache\commons\commons-exec\1.4.0\commons-exec-1.4.0.jar;C:\Users\gusta\.m2\repository\org\seleniumhq\selenium\selenium-safari-driver\4.30.0\selenium-safari-driver-4.30.0.jar;C:\Users\gusta\.m2\repository\org\seleniumhq\selenium\selenium-support\4.30.0\selenium-support-4.30.0.jar;C:\Users\gusta\.m2\repository\junit\junit\4.13.2\junit-4.13.2.jar;C:\Users\gusta\.m2\repository\org\hamcrest\hamcrest-core\1.3\hamcrest-core-1.3.jar;C:\Users\gusta\.m2\repository\org\junit\jupiter\junit-jupiter-api\5.7.2\junit-jupiter-api-5.7.2.jar;C:\Users\gusta\.m2\repository\org\apiguardian\apiguardian-api\1.1.0\apiguardian-api-1.1.0.jar;C:\Users\gusta\.m2\repository\org\opentest4j\opentest4j\1.2.0\opentest4j-1.2.0.jar;C:\Users\gusta\.m2\repository\org\junit\platform\junit-platform-commons\1.7.2\junit-platform-commons-1.7.2.jar;C:\Users\gusta\.m2\repository\io\cucumber\cucumber-java\7.21.1\cucumber-java-7.21.1.jar;C:\Users\gusta\.m2\repository\io\cucumber\cucumber-junit\7.21.1\cucumber-junit-7.21.1.jar;C:\Users\gusta\.m2\repository\io\cucumber\cucumber-core\7.21.1\cucumber-core-7.21.1.jar;C:\Users\gusta\.m2\repository\io\cucumber\cucumber-gherkin\7.21.1\cucumber-gherkin-7.21.1.jar;C:\Users\gusta\.m2\repository\io\cucumber\cucumber-gherkin-messages\7.21.1\cucumber-gherkin-messages-7.21.1.jar;C:\Users\gusta\.m2\repository\io\cucumber\gherkin\31.0.0\gherkin-31.0.0.jar;C:\Users\gusta\.m2\repository\io\cucumber\messages\27.2.0\messages-27.2.0.jar;C:\Users\gusta\.m2\repository\io\cucumber\testng-xml-formatter\0.3.1\testng-xml-formatter-0.3.1.jar;C:\Users\gusta\.m2\repository\io\cucumber\query\13.2.0\query-13.2.0.jar;C:\Users\gusta\.m2\repository\io\cucumber\tag-expressions\6.1.2\tag-expressions-6.1.2.jar;C:\Users\gusta\.m2\repository\io\cucumber\cucumber-expressions\18.0.1\cucumber-expressions-18.0.1.jar;C:\Users\gusta\.m2\repository\io\cucumber\datatable\7.21.1\datatable-7.21.1.jar;C:\Users\gusta\.m2\repository\io\cucumber\cucumber-plugin\7.21.1\cucumber-plugin-7.21.1.jar;C:\Users\gusta\.m2\repository\io\cucumber\docstring\7.21.1\docstring-7.21.1.jar;C:\Users\gusta\.m2\repository\io\cucumber\html-formatter\21.9.0\html-formatter-21.9.0.jar;C:\Users\gusta\.m2\repository\io\cucumber\junit-xml-formatter\0.7.1\junit-xml-formatter-0.7.1.jar;C:\Users\gusta\.m2\repository\io\cucumber\ci-environment\10.0.1\ci-environment-10.0.1.jar;C:\Users\gusta\.m2\repository\net\masterthought\cucumber-reporting\5.8.4\cucumber-reporting-5.8.4.jar;C:\Users\gusta\.m2\repository\com\fasterxml\jackson\core\jackson-databind\2.18.1\jackson-databind-2.18.1.jar;C:\Users\gusta\.m2\repository\com\fasterxml\jackson\core\jackson-annotations\2.18.1\jackson-annotations-2.18.1.jar;C:\Users\gusta\.m2\repository\com\fasterxml\jackson\core\jackson-core\2.18.1\jackson-core-2.18.1.jar;C:\Users\gusta\.m2\repository\com\fasterxml\jackson\datatype\jackson-datatype-jsr310\2.18.1\jackson-datatype-jsr310-2.18.1.jar;C:\Users\gusta\.m2\repository\org\apache\velocity\velocity-engine-core\2.4.1\velocity-engine-core-2.4.1.jar;C:\Users\gusta\.m2\repository\joda-time\joda-time\2.13.0\joda-time-2.13.0.jar;C:\Users\gusta\.m2\repository\org\apache\commons\commons-configuration2\2.11.0\commons-configuration2-2.11.0.jar;C:\Users\gusta\.m2\repository\org\apache\commons\commons-lang3\3.17.0\commons-lang3-3.17.0.jar;C:\Users\gusta\.m2\repository\org\apache\commons\commons-text\1.12.0\commons-text-1.12.0.jar;C:\Users\gusta\.m2\repository\org\jsoup\jsoup\1.18.1\jsoup-1.18.1.jar;C:\Users\gusta\.m2\repository\com\googlecode\owasp-java-html-sanitizer\owasp-java-html-sanitizer\20240325.1\owasp-java-html-sanitizer-20240325.1.jar;C:\Users\gusta\.m2\repository\com\googlecode\owasp-java-html-sanitizer\java8-shim\20240325.1\java8-shim-20240325.1.jar;C:\Users\gusta\.m2\repository\com\googlecode\owasp-java-html-sanitizer\java10-shim\20240325.1\java10-shim-20240325.1.jar;C:\Users\gusta\.m2\repository\org\slf4j\slf4j-api\2.0.16\slf4j-api-2.0.16.jar;C:\Users\gusta\.m2\repository\org\slf4j\jcl-over-slf4j\2.0.16\jcl-over-slf4j-2.0.16.jar;C:\Users\gusta\.m2\repository\commons-io\commons-io\2.18.0\commons-io-2.18.0.jar;C:\Users\gusta\.m2\repository\com\itextpdf\itextpdf\5.5.13.4\itextpdf-5.5.13.4.jar;C:\Users\gusta\.m2\repository\com\itextpdf\barcodes\7.2.4\barcodes-7.2.4.jar;C:\Users\gusta\.m2\repository\com\itextpdf\font-asian\7.2.4\font-asian-7.2.4.jar;C:\Users\gusta\.m2\repository\com\itextpdf\forms\7.2.4\forms-7.2.4.jar;C:\Users\gusta\.m2\repository\com\itextpdf\hyph\7.2.4\hyph-7.2.4.jar;C:\Users\gusta\.m2\repository\com\itextpdf\io\7.2.4\io-7.2.4.jar;C:\Users\gusta\.m2\repository\com\itextpdf\commons\7.2.4\commons-7.2.4.jar;C:\Users\gusta\.m2\repository\com\itextpdf\kernel\7.2.4\kernel-7.2.4.jar;C:\Users\gusta\.m2\repository\org\bouncycastle\bcpkix-jdk15on\1.70\bcpkix-jdk15on-1.70.jar;C:\Users\gusta\.m2\repository\org\bouncycastle\bcutil-jdk15on\1.70\bcutil-jdk15on-1.70.jar;C:\Users\gusta\.m2\repository\org\bouncycastle\bcprov-jdk15on\1.70\bcprov-jdk15on-1.70.jar;C:\Users\gusta\.m2\repository\com\itextpdf\layout\7.2.4\layout-7.2.4.jar;C:\Users\gusta\.m2\repository\com\itextpdf\pdfa\7.2.4\pdfa-7.2.4.jar;C:\Users\gusta\.m2\repository\com\itextpdf\sign\7.2.4\sign-7.2.4.jar;C:\Users\gusta\.m2\repository\com\itextpdf\styled-xml-parser\7.2.4\styled-xml-parser-7.2.4.jar;C:\Users\gusta\.m2\repository\com\itextpdf\svg\7.2.4\svg-7.2.4.jar;C:\Program Files\JetBrains\IntelliJ IDEA 2024.3.5\plugins\junit\lib\junit-rt.jar;C:\Users\gusta\AppData\Roaming\JetBrains\IntelliJIdea2024.3\plugins\cucumber-java\lib\cucumber-jvmFormatter.jar;C:\Users\gusta\AppData\Roaming\JetBrains\IntelliJIdea2024.3\plugins\cucumber-java\lib\cucumber-jvmFormatter5.jar;C:\Users\gusta\AppData\Roaming\JetBrains\IntelliJIdea2024.3\plugins\cucumber-java\lib\cucumber-jvmFormatter4.jar;C:\Users\gusta\AppData\Roaming\JetBrains\IntelliJIdea2024.3\plugins\cucumber-java\lib\cucumber-jvmFormatter3.jar;C:\Program Files\JetBrains\IntelliJ IDEA 2024.3.5\lib\idea_rt.jar
Launcher Type: SUN_STANDARD

[Global flags]
     intx CICompilerCount                          = 3                                         {product} {ergonomic}
     uint ConcGCThreads                            = 1                                         {product} {ergonomic}
     uint G1ConcRefinementThreads                  = 4                                         {product} {ergonomic}
   size_t G1HeapRegionSize                         = 2097152                                   {product} {ergonomic}
   size_t InitialHeapSize                          = 268435456                                 {product} {ergonomic}
   size_t MarkStackSize                            = 4194304                                   {product} {ergonomic}
   size_t MarkStackSizeMax                         = 536870912                                 {product} {ergonomic}
   size_t MaxHeapSize                              = 4271898624                                {product} {ergonomic}
   size_t MaxNewSize                               = 2562719744                                {product} {ergonomic}
   size_t MinHeapDeltaBytes                        = 2097152                                   {product} {ergonomic}
   size_t MinHeapSize                              = 8388608                                   {product} {ergonomic}
    uintx NonNMethodCodeHeapSize                   = 5832704                                {pd product} {ergonomic}
    uintx NonProfiledCodeHeapSize                  = 122945536                              {pd product} {ergonomic}
    uintx ProfiledCodeHeapSize                     = 122880000                              {pd product} {ergonomic}
    uintx ReservedCodeCacheSize                    = 251658240                              {pd product} {ergonomic}
     bool SegmentedCodeCache                       = true                                      {product} {ergonomic}
   size_t SoftMaxHeapSize                          = 4271898624                             {manageable} {ergonomic}
     bool UseCompressedOops                        = true                           {product lp64_product} {ergonomic}
     bool UseG1GC                                  = true                                      {product} {ergonomic}
     bool UseLargePagesIndividualAllocation        = false                                  {pd product} {ergonomic}

Logging:
Log output configuration:
 #0: stdout all=warning uptime,level,tags foldmultilines=false
 #1: stderr all=off uptime,level,tags foldmultilines=false

Environment Variables:
JAVA_HOME=C:\Program Files\Java\jdk-24
PATH=C:\Users\gusta\Downloads\WINDOWS.X64_193000_db_home\bin;C:\Program Files (x86)\Microsoft SDKs\Azure\CLI2\wbin;C:\Program Files\Common Files\Oracle\Java\javapath;C:\Windows\system32;C:\Windows;C:\Windows\System32\Wbem;C:\Windows\System32\WindowsPowerShell\v1.0\;C:\Windows\System32\OpenSSH\;C:\Program Files (x86)\Microsoft SQL Server\160\DTS\Binn\;C:\Program Files\Git\cmd;C:\Program Files\Java\jdk-22\bin;C:\Program Files\apache-maven-3.9.7\bin;C:\Program Files\nodejs\;%JAVA_HOME%\bin;C:\Users\gusta\OneDrive\Desktop\Automação\chromedriver-win64\chromedriver.exe;C:\Program Files\Java\jdk-24\bin;C:\Users\gusta\Downloads\WINDOWS.X64_193000_db_home\bin;C:\Program Files (x86)\Microsoft SDKs\Azure\CLI2\wbin;C:\Program Files\Common Files\Oracle\Java\javapath;C:\Windows\system32;C:\Windows;C:\Windows\System32\Wbem;C:\Windows\System32\WindowsPowerShell\v1.0\;C:\Windows\System32\OpenSSH\;C:\Program Files (x86)\Microsoft SQL Server\160\DTS\Binn\;C:\Program Files\Git\cmd;C:\Program Files\Java\jdk-22\bin;C:\Program Files\apache-maven-3.9.7\bin;C:\Program Files\nodejs\;C:\Users\gusta\AppData\Local\Microsoft\WindowsApps;C:\Users\gusta\AppData\Local\Programs\Azure Data Studio\bin;C:\Users\gusta\AppData\Local\Programs\Microsoft VS Code\bin;C:\Users\gusta\AppData\Roaming\npm;C:\Users\gusta\AppData\Local\GitHubDesktop\bin
USERNAME=gusta
OS=Windows_NT
PROCESSOR_IDENTIFIER=Intel64 Family 6 Model 42 Stepping 7, GenuineIntel
TMP=C:\Users\gusta\AppData\Local\Temp
TEMP=C:\Users\gusta\AppData\Local\Temp




Periodic native trim disabled

---------------  S Y S T E M  ---------------

OS:
 Windows 11 , 64 bit Build 22621 (10.0.22621.3958)
OS uptime: 4 days 21:41 hours
Hyper-V role detected

CPU: total 4 (initial active 4) (2 cores per cpu, 2 threads per core) family 6 model 42 stepping 7 microcode 0x2f, cx8, cmov, fxsr, ht, mmx, sse, sse2, sse3, ssse3, sse4.1, sse4.2, popcnt, tsc, tscinvbit, avx, aes, clmul, vzeroupper, clflush, hv, rdtscp
Processor Information for the first 4 processors :
  Max Mhz: 2601, Current Mhz: 2601, Mhz Limit: 2601

Memory: 4k page, system-wide physical 16294M (7430M free)
TotalPageFile size 17318M (AvailPageFile size 6693M)
current process WorkingSet (physical memory assigned to process): 166M, peak: 186M
current process commit charge ("private bytes"): 407M, peak: 454M

vm_info: OpenJDK 64-Bit Server VM (24+36-3646) for windows-amd64 JRE (24+36-3646), built on 2025-02-06T00:20:43Z with MS VC++ 17.6 (VS2022)

END.
